#
# There is insufficient memory for the Java Runtime Environment to continue.
# Native memory allocation (malloc) failed to allocate 290016 bytes for Chunk::new
# Possible reasons:
#   The system is out of physical RAM or swap space
#   The process is running with CompressedOops enabled, and the Java Heap may be blocking the growth of the native heap
# Possible solutions:
#   Reduce memory load on the system
#   Increase physical memory or swap space
#   Check if swap backing store is full
#   Decrease Java heap size (-Xmx/-Xms)
#   Decrease number of Java threads
#   Decrease Java thread stack sizes (-Xss)
#   Set larger code cache with -XX:ReservedCodeCacheSize=
#   JVM is running with Unscaled Compressed Oops mode in which the Java heap is
#     placed in the first 4GB address space. The Java Heap base address is the
#     maximum limit for the native heap growth. Please use -XX:HeapBaseMinAddress
#     to set the Java Heap base and to place the Java Heap above 4GB virtual address.
# This output file may be truncated or incomplete.
#
#  Out of Memory Error (arena.cpp:191), pid=11576, tid=14308
#
# JRE version: OpenJDK Runtime Environment Temurin-17.0.9+9 (17.0.9+9) (build 17.0.9+9)
# Java VM: OpenJDK 64-Bit Server VM Temurin-17.0.9+9 (17.0.9+9, mixed mode, tiered, compressed oops, compressed class ptrs, parallel gc, windows-amd64)
# No core dump will be written. Minidumps are not enabled by default on client versions of Windows
#

---------------  S U M M A R Y ------------

Command Line: --add-modules=ALL-SYSTEM --add-opens=java.base/java.util=ALL-UNNAMED --add-opens=java.base/java.lang=ALL-UNNAMED --add-opens=java.base/sun.nio.fs=ALL-UNNAMED -Declipse.application=org.eclipse.jdt.ls.core.id1 -Dosgi.bundles.defaultStartLevel=4 -Declipse.product=org.eclipse.jdt.ls.core.product -Djava.import.generatesMetadataFilesAtProjectRoot=false -DDetectVMInstallationsJob.disabled=true -Dfile.encoding=utf8 -XX:+UseParallelGC -XX:GCTimeRatio=4 -XX:AdaptiveSizePolicyWeight=90 -Dsun.zip.disableMemoryMapping=true -Xmx1G -Xms100m -Xlog:disable -javaagent:c:\Users\luizc\.vscode\extensions\redhat.java-1.25.1-win32-x64\lombok\lombok-1.18.30.jar c:\Users\luizc\.vscode\extensions\redhat.java-1.25.1-win32-x64\server\plugins\org.eclipse.equinox.launcher_1.6.600.v20231106-1826.jar -configuration c:\Users\luizc\AppData\Roaming\Code\User\globalStorage\redhat.java\1.25.1\config_ss_win -data c:\Users\luizc\AppData\Roaming\Code\User\workspaceStorage\9085f2d17ec7ba6d99c612aafa646768\redhat.java\ss_ws --stdio

Host: Intel(R) Celeron(R) 6305 @ 1.80GHz, 2 cores, 3G,  Windows 11 , 64 bit Build 22621 (10.0.22621.3958)
Time: Fri Aug 30 11:29:23 2024 Hora oficial do Brasil elapsed time: 5.901920 seconds (0d 0h 0m 5s)

---------------  T H R E A D  ---------------

Current thread (0x000001e74674fa60):  JavaThread "C2 CompilerThread0" daemon [_thread_in_native, id=14308, stack(0x00000003adc00000,0x00000003add00000)]


Current CompileTask:
C2:   5902  492       4       lombok.patcher.PatchScript::classMatches (41 bytes)

Stack: [0x00000003adc00000,0x00000003add00000]
Native frames: (J=compiled Java code, j=interpreted, Vv=VM code, C=native code)
V  [jvm.dll+0x67cf49]
V  [jvm.dll+0x83478a]
V  [jvm.dll+0x83624e]
V  [jvm.dll+0x8368b3]
V  [jvm.dll+0x247f1f]
V  [jvm.dll+0xac43c]
V  [jvm.dll+0xaca8c]
V  [jvm.dll+0x2af45f]
V  [jvm.dll+0x5853f7]
V  [jvm.dll+0x222f62]
V  [jvm.dll+0x22334f]
V  [jvm.dll+0x21c476]
V  [jvm.dll+0x2198c1]
V  [jvm.dll+0x1a57cd]
V  [jvm.dll+0x2297ae]
V  [jvm.dll+0x22797c]
V  [jvm.dll+0x7e9877]
V  [jvm.dll+0x7e3c3a]
V  [jvm.dll+0x67be35]
C  [ucrtbase.dll+0x29333]
C  [KERNEL32.DLL+0x1257d]
C  [ntdll.dll+0x5af28]


---------------  P R O C E S S  ---------------

Threads class SMR info:
_java_thread_list=0x000001e74b5bf9d0, length=12, elements={
0x000001e732927a90, 0x000001e74671c020, 0x000001e74671d410, 0x000001e74674b330,
0x000001e74674bc00, 0x000001e74674e4e0, 0x000001e74674edb0, 0x000001e74674fa60,
0x000001e74b34da70, 0x000001e74b350740, 0x000001e74b3e4240, 0x000001e74b5af260
}

Java Threads: ( => current thread )
  0x000001e732927a90 JavaThread "main" [_thread_in_vm, id=12584, stack(0x00000003ad200000,0x00000003ad300000)]
  0x000001e74671c020 JavaThread "Reference Handler" daemon [_thread_blocked, id=8456, stack(0x00000003ad600000,0x00000003ad700000)]
  0x000001e74671d410 JavaThread "Finalizer" daemon [_thread_blocked, id=13956, stack(0x00000003ad700000,0x00000003ad800000)]
  0x000001e74674b330 JavaThread "Signal Dispatcher" daemon [_thread_blocked, id=11624, stack(0x00000003ad800000,0x00000003ad900000)]
  0x000001e74674bc00 JavaThread "Attach Listener" daemon [_thread_blocked, id=5084, stack(0x00000003ad900000,0x00000003ada00000)]
  0x000001e74674e4e0 JavaThread "Service Thread" daemon [_thread_blocked, id=13896, stack(0x00000003ada00000,0x00000003adb00000)]
  0x000001e74674edb0 JavaThread "Monitor Deflation Thread" daemon [_thread_blocked, id=11796, stack(0x00000003adb00000,0x00000003adc00000)]
=>0x000001e74674fa60 JavaThread "C2 CompilerThread0" daemon [_thread_in_native, id=14308, stack(0x00000003adc00000,0x00000003add00000)]
  0x000001e74b34da70 JavaThread "C1 CompilerThread0" daemon [_thread_blocked, id=13332, stack(0x00000003add00000,0x00000003ade00000)]
  0x000001e74b350740 JavaThread "Sweeper thread" daemon [_thread_blocked, id=10424, stack(0x00000003ade00000,0x00000003adf00000)]
  0x000001e74b3e4240 JavaThread "Common-Cleaner" daemon [_thread_blocked, id=4532, stack(0x00000003adf00000,0x00000003ae000000)]
  0x000001e74b5af260 JavaThread "Notification Thread" daemon [_thread_blocked, id=11428, stack(0x00000003ae000000,0x00000003ae100000)]

Other Threads:
  0x000001e746707040 VMThread "VM Thread" [stack: 0x00000003ad500000,0x00000003ad600000] [id=15844]
  0x000001e74b5afee0 WatcherThread [stack: 0x00000003ae100000,0x00000003ae200000] [id=6376]
  0x000001e73293bd80 GCTaskThread "GC Thread#0" [stack: 0x00000003ad400000,0x00000003ad500000] [id=5452]

Threads with active compile tasks:
C2 CompilerThread0     5928  492       4       lombok.patcher.PatchScript::classMatches (41 bytes)

VM state: not at safepoint (normal execution)

VM Mutex/Monitor currently owned by a thread: None

Heap address: 0x00000000c0000000, size: 1024 MB, Compressed Oops mode: 32-bit

CDS archive(s) not mapped
Compressed class space mapped at: 0x0000000100000000-0x0000000140000000, reserved size: 1073741824
Narrow klass base: 0x0000000000000000, Narrow klass shift: 3, Narrow klass range: 0x140000000

GC Precious Log:
 CPUs: 2 total, 2 available
 Memory: 3819M
 Large Page Support: Disabled
 NUMA Support: Disabled
 Compressed Oops: Enabled (32-bit)
 Alignments: Space 512K, Generation 512K, Heap 2M
 Heap Min Capacity: 100M
 Heap Initial Capacity: 100M
 Heap Max Capacity: 1G
 Pre-touch: Disabled
 Parallel Workers: 2

Heap:
 PSYoungGen      total 29696K, used 10815K [0x00000000eab00000, 0x00000000ecc00000, 0x0000000100000000)
  eden space 25600K, 42% used [0x00000000eab00000,0x00000000eb58fe20,0x00000000ec400000)
  from space 4096K, 0% used [0x00000000ec800000,0x00000000ec800000,0x00000000ecc00000)
  to   space 4096K, 0% used [0x00000000ec400000,0x00000000ec400000,0x00000000ec800000)
 ParOldGen       total 68608K, used 0K [0x00000000c0000000, 0x00000000c4300000, 0x00000000eab00000)
  object space 68608K, 0% used [0x00000000c0000000,0x00000000c0000000,0x00000000c4300000)
 Metaspace       used 7754K, committed 7872K, reserved 1114112K
  class space    used 760K, committed 832K, reserved 1048576K

Card table byte_map: [0x000001e7322c0000,0x000001e7324d0000] _byte_map_base: 0x000001e731cc0000

Marking Bits: (ParMarkBitMap*) 0x00007ff8bf54d0b0
 Begin Bits: [0x000001e7445b0000, 0x000001e7455b0000)
 End Bits:   [0x000001e7455b0000, 0x000001e7465b0000)

Polling page: 0x000001e730a90000

Metaspace:

Usage:
  Non-class:      6.83 MB used.
      Class:    760.42 KB used.
       Both:      7.57 MB used.

Virtual space:
  Non-class space:       64.00 MB reserved,       6.88 MB ( 11%) committed,  1 nodes.
      Class space:        1.00 GB reserved,     832.00 KB ( <1%) committed,  1 nodes.
             Both:        1.06 GB reserved,       7.69 MB ( <1%) committed. 

Chunk freelists:
   Non-Class:  9.00 MB
       Class:  15.21 MB
        Both:  24.21 MB

MaxMetaspaceSize: unlimited
CompressedClassSpaceSize: 1.00 GB
Initial GC threshold: 21.00 MB
Current GC threshold: 21.00 MB
CDS: off
MetaspaceReclaimPolicy: balanced
 - commit_granule_bytes: 65536.
 - commit_granule_words: 8192.
 - virtual_space_node_default_size: 8388608.
 - enlarge_chunks_in_place: 1.
 - new_chunks_are_fully_committed: 0.
 - uncommit_free_chunks: 1.
 - use_allocation_guard: 0.
 - handle_deallocations: 1.


Internal statistics:

num_allocs_failed_limit: 0.
num_arena_births: 10.
num_arena_deaths: 0.
num_vsnodes_births: 2.
num_vsnodes_deaths: 0.
num_space_committed: 123.
num_space_uncommitted: 0.
num_chunks_returned_to_freelist: 0.
num_chunks_taken_from_freelist: 40.
num_chunk_merges: 0.
num_chunk_splits: 23.
num_chunks_enlarged: 21.
num_inconsistent_stats: 0.

CodeHeap 'non-profiled nmethods': size=120064Kb used=172Kb max_used=172Kb free=119891Kb
 bounds [0x000001e73d070000, 0x000001e73d2e0000, 0x000001e7445b0000]
CodeHeap 'profiled nmethods': size=120000Kb used=733Kb max_used=733Kb free=119266Kb
 bounds [0x000001e7355b0000, 0x000001e735820000, 0x000001e73cae0000]
CodeHeap 'non-nmethods': size=5696Kb used=1131Kb max_used=1145Kb free=4564Kb
 bounds [0x000001e73cae0000, 0x000001e73cd50000, 0x000001e73d070000]
 total_blobs=902 nmethods=496 adapters=321
 compilation: enabled
              stopped_count=0, restarted_count=0
 full_count=0

Compilation events (20 events):
Event: 5.834 Thread 0x000001e74b34da70 nmethod 486 0x000001e73565e990 code [0x000001e73565eb40, 0x000001e73565ee38]
Event: 5.835 Thread 0x000001e74b34da70  487       3       sun.security.util.DerValue::data (29 bytes)
Event: 5.835 Thread 0x000001e74b34da70 nmethod 487 0x000001e73565ef10 code [0x000001e73565f0c0, 0x000001e73565f288]
Event: 5.836 Thread 0x000001e74b34da70  488       3       sun.security.util.DerValue::<init> (445 bytes)
Event: 5.838 Thread 0x000001e74b34da70 nmethod 488 0x000001e73565f390 code [0x000001e73565f7a0, 0x000001e735661178]
Event: 5.838 Thread 0x000001e74b34da70  489       3       sun.security.util.DerInputStream::getDerValue (76 bytes)
Event: 5.839 Thread 0x000001e74b34da70 nmethod 489 0x000001e735661b10 code [0x000001e735661cc0, 0x000001e735661f28]
Event: 5.840 Thread 0x000001e74674fa60  490       4       java.util.Collections$UnmodifiableCollection::iterator (9 bytes)
Event: 5.841 Thread 0x000001e74b34da70  491       3       sun.security.util.DerInputStream::available (10 bytes)
Event: 5.841 Thread 0x000001e74b34da70 nmethod 491 0x000001e735662090 code [0x000001e735662220, 0x000001e735662338]
Event: 5.852 Thread 0x000001e74b34da70  494       3       sun.instrument.InstrumentationImpl::transform (73 bytes)
Event: 5.853 Thread 0x000001e74b34da70 nmethod 494 0x000001e735662410 code [0x000001e7356625e0, 0x000001e735662988]
Event: 5.855 Thread 0x000001e74b34da70  495       3       java.lang.instrument.ClassFileTransformer::transform (15 bytes)
Event: 5.855 Thread 0x000001e74b34da70 nmethod 495 0x000001e735662b10 code [0x000001e735662cc0, 0x000001e735662e48]
Event: 5.857 Thread 0x000001e74674fa60 nmethod 490 0x000001e73d09a690 code [0x000001e73d09a860, 0x000001e73d09aeb8]
Event: 5.857 Thread 0x000001e74674fa60  492       4       lombok.patcher.PatchScript::classMatches (41 bytes)
Event: 5.859 Thread 0x000001e74b34da70  496       3       lombok.eclipse.agent.EclipsePatcher$1::shouldTransform (79 bytes)
Event: 5.860 Thread 0x000001e74b34da70 nmethod 496 0x000001e735662f90 code [0x000001e735663200, 0x000001e735663be8]
Event: 5.876 Thread 0x000001e74b34da70  497   !   3       java.lang.String::replace (258 bytes)
Event: 5.878 Thread 0x000001e74b34da70 nmethod 497 0x000001e735663f90 code [0x000001e735664460, 0x000001e735666788]

GC Heap History (0 events):
No events

Dll operation events (8 events):
Event: 0.040 Loaded shared library c:\Users\luizc\.vscode\extensions\redhat.java-1.25.1-win32-x64\jre\17.0.9-win32-x86_64\bin\java.dll
Event: 1.450 Loaded shared library c:\Users\luizc\.vscode\extensions\redhat.java-1.25.1-win32-x64\jre\17.0.9-win32-x86_64\bin\zip.dll
Event: 1.493 Loaded shared library C:\Users\luizc\.vscode\extensions\redhat.java-1.25.1-win32-x64\jre\17.0.9-win32-x86_64\bin\instrument.dll
Event: 1.719 Loaded shared library C:\Users\luizc\.vscode\extensions\redhat.java-1.25.1-win32-x64\jre\17.0.9-win32-x86_64\bin\net.dll
Event: 1.848 Loaded shared library C:\Users\luizc\.vscode\extensions\redhat.java-1.25.1-win32-x64\jre\17.0.9-win32-x86_64\bin\nio.dll
Event: 1.949 Loaded shared library C:\Users\luizc\.vscode\extensions\redhat.java-1.25.1-win32-x64\jre\17.0.9-win32-x86_64\bin\zip.dll
Event: 2.455 Loaded shared library C:\Users\luizc\.vscode\extensions\redhat.java-1.25.1-win32-x64\jre\17.0.9-win32-x86_64\bin\jimage.dll
Event: 3.440 Loaded shared library c:\Users\luizc\.vscode\extensions\redhat.java-1.25.1-win32-x64\jre\17.0.9-win32-x86_64\bin\verify.dll

Deoptimization events (20 events):
Event: 5.114 Thread 0x000001e732927a90 Uncommon trap: trap_request=0xffffffde fr.pc=0x000001e73d096724 relative=0x0000000000000104
Event: 5.114 Thread 0x000001e732927a90 Uncommon trap: reason=class_check action=maybe_recompile pc=0x000001e73d096724 method=jdk.internal.misc.Unsafe.allocateUninitializedArray(Ljava/lang/Class;I)Ljava/lang/Object; @ 51 c2
Event: 5.114 Thread 0x000001e732927a90 DEOPT PACKING pc=0x000001e73d096724 sp=0x00000003ad2fb6f0
Event: 5.114 Thread 0x000001e732927a90 DEOPT UNPACKING pc=0x000001e73cb39ea3 sp=0x00000003ad2fb678 mode 2
Event: 5.114 Thread 0x000001e732927a90 Uncommon trap: trap_request=0xffffffde fr.pc=0x000001e73d096724 relative=0x0000000000000104
Event: 5.114 Thread 0x000001e732927a90 Uncommon trap: reason=class_check action=maybe_recompile pc=0x000001e73d096724 method=jdk.internal.misc.Unsafe.allocateUninitializedArray(Ljava/lang/Class;I)Ljava/lang/Object; @ 51 c2
Event: 5.114 Thread 0x000001e732927a90 DEOPT PACKING pc=0x000001e73d096724 sp=0x00000003ad2fb6f0
Event: 5.114 Thread 0x000001e732927a90 DEOPT UNPACKING pc=0x000001e73cb39ea3 sp=0x00000003ad2fb678 mode 2
Event: 5.114 Thread 0x000001e732927a90 Uncommon trap: trap_request=0xffffffde fr.pc=0x000001e73d096724 relative=0x0000000000000104
Event: 5.114 Thread 0x000001e732927a90 Uncommon trap: reason=class_check action=maybe_recompile pc=0x000001e73d096724 method=jdk.internal.misc.Unsafe.allocateUninitializedArray(Ljava/lang/Class;I)Ljava/lang/Object; @ 51 c2
Event: 5.114 Thread 0x000001e732927a90 DEOPT PACKING pc=0x000001e73d096724 sp=0x00000003ad2fb730
Event: 5.114 Thread 0x000001e732927a90 DEOPT UNPACKING pc=0x000001e73cb39ea3 sp=0x00000003ad2fb6b8 mode 2
Event: 5.830 Thread 0x000001e732927a90 Uncommon trap: trap_request=0xffffff45 fr.pc=0x000001e73d0878c0 relative=0x00000000000000c0
Event: 5.830 Thread 0x000001e732927a90 Uncommon trap: reason=unstable_if action=reinterpret pc=0x000001e73d0878c0 method=java.net.URI.match(CJJ)Z @ 45 c2
Event: 5.830 Thread 0x000001e732927a90 DEOPT PACKING pc=0x000001e73d0878c0 sp=0x00000003ad2fcd30
Event: 5.830 Thread 0x000001e732927a90 DEOPT UNPACKING pc=0x000001e73cb39ea3 sp=0x00000003ad2fccb8 mode 2
Event: 5.860 Thread 0x000001e732927a90 Uncommon trap: trap_request=0xffffff45 fr.pc=0x000001e73d09754c relative=0x00000000000005cc
Event: 5.860 Thread 0x000001e732927a90 Uncommon trap: reason=unstable_if action=reinterpret pc=0x000001e73d09754c method=java.lang.String.replace(Ljava/lang/CharSequence;Ljava/lang/CharSequence;)Ljava/lang/String; @ 48 c2
Event: 5.860 Thread 0x000001e732927a90 DEOPT PACKING pc=0x000001e73d09754c sp=0x00000003ad2fccb0
Event: 5.860 Thread 0x000001e732927a90 DEOPT UNPACKING pc=0x000001e73cb39ea3 sp=0x00000003ad2fcc20 mode 2

Classes unloaded (0 events):
No events

Classes redefined (0 events):
No events

Internal exceptions (2 events):
Event: 1.316 Thread 0x000001e732927a90 Exception <a 'java/lang/NoSuchMethodError'{0x00000000eacb22d8}: 'void java.lang.invoke.DirectMethodHandle$Holder.invokeStatic(java.lang.Object, java.lang.Object, java.lang.Object)'> (0x00000000eacb22d8) 
thrown [s\src\hotspot\share\interpreter\linkResolver.cpp, line 759]
Event: 3.692 Thread 0x000001e732927a90 Exception <a 'java/lang/reflect/InvocationTargetException'{0x00000000eafe2140}> (0x00000000eafe2140) 
thrown [s\src\hotspot\share\runtime\reflection.cpp, line 1121]

VM Operations (14 events):
Event: 1.297 Executing VM operation: Cleanup
Event: 1.312 Executing VM operation: Cleanup done
Event: 1.354 Executing VM operation: HandshakeAllThreads
Event: 1.362 Executing VM operation: HandshakeAllThreads done
Event: 2.377 Executing VM operation: Cleanup
Event: 2.421 Executing VM operation: Cleanup done
Event: 2.557 Executing VM operation: HandshakeAllThreads
Event: 2.557 Executing VM operation: HandshakeAllThreads done
Event: 3.571 Executing VM operation: Cleanup
Event: 3.650 Executing VM operation: Cleanup done
Event: 4.653 Executing VM operation: Cleanup
Event: 4.687 Executing VM operation: Cleanup done
Event: 5.692 Executing VM operation: Cleanup
Event: 5.754 Executing VM operation: Cleanup done

Events (20 events):
Event: 5.851 loading class java/util/SortedSet done
Event: 5.851 loading class java/util/NavigableSet done
Event: 5.851 loading class java/util/TreeSet done
Event: 5.852 loading class java/util/TreeMap$KeySet
Event: 5.852 loading class java/util/TreeMap$KeySet done
Event: 5.852 loading class java/util/TreeMap$KeyIterator
Event: 5.852 loading class java/util/TreeMap$PrivateEntryIterator
Event: 5.857 loading class java/util/TreeMap$PrivateEntryIterator done
Event: 5.857 loading class java/util/TreeMap$KeyIterator done
Event: 5.857 loading class sun/security/util/DisabledAlgorithmConstraints$Constraints
Event: 5.860 loading class sun/security/util/DisabledAlgorithmConstraints$Constraints done
Event: 5.861 loading class sun/security/util/CurveDB
Event: 5.875 loading class sun/security/util/CurveDB done
Event: 5.875 loading class java/security/spec/ECFieldFp
Event: 5.875 loading class java/security/spec/ECField
Event: 5.875 loading class java/security/spec/ECField done
Event: 5.875 loading class java/security/spec/ECFieldFp done
Event: 5.875 loading class java/security/spec/EllipticCurve
Event: 5.880 loading class java/security/spec/EllipticCurve done
Event: 5.881 loading class java/security/spec/ECPoint


Dynamic libraries:
0x00007ff722c80000 - 0x00007ff722c8e000 	c:\Users\luizc\.vscode\extensions\redhat.java-1.25.1-win32-x64\jre\17.0.9-win32-x86_64\bin\java.exe
0x00007ff953b70000 - 0x00007ff953d87000 	C:\Windows\SYSTEM32\ntdll.dll
0x00007ff9524f0000 - 0x00007ff9525b4000 	C:\Windows\System32\KERNEL32.DLL
0x00007ff951390000 - 0x00007ff95173d000 	C:\Windows\System32\KERNELBASE.dll
0x00007ff951240000 - 0x00007ff951351000 	C:\Windows\System32\ucrtbase.dll
0x00007ff940510000 - 0x00007ff940527000 	c:\Users\luizc\.vscode\extensions\redhat.java-1.25.1-win32-x64\jre\17.0.9-win32-x86_64\bin\jli.dll
0x00007ff951c30000 - 0x00007ff951dde000 	C:\Windows\System32\USER32.dll
0x00007ff950e90000 - 0x00007ff950eb6000 	C:\Windows\System32\win32u.dll
0x00007ff952350000 - 0x00007ff952379000 	C:\Windows\System32\GDI32.dll
0x00007ff950fb0000 - 0x00007ff9510c9000 	C:\Windows\System32\gdi32full.dll
0x00007ff951740000 - 0x00007ff9517da000 	C:\Windows\System32\msvcp_win.dll
0x00007ff938910000 - 0x00007ff93892b000 	c:\Users\luizc\.vscode\extensions\redhat.java-1.25.1-win32-x64\jre\17.0.9-win32-x86_64\bin\VCRUNTIME140.dll
0x00007ff93c210000 - 0x00007ff93c4a3000 	C:\Windows\WinSxS\amd64_microsoft.windows.common-controls_6595b64144ccf1df_6.0.22621.3672_none_2713b9d173822955\COMCTL32.dll
0x00007ff9523c0000 - 0x00007ff952467000 	C:\Windows\System32\msvcrt.dll
0x00007ff952380000 - 0x00007ff9523b1000 	C:\Windows\System32\IMM32.DLL
0x00007ff94abe0000 - 0x00007ff94abec000 	c:\Users\luizc\.vscode\extensions\redhat.java-1.25.1-win32-x64\jre\17.0.9-win32-x86_64\bin\vcruntime140_1.dll
0x00007ff91c710000 - 0x00007ff91c79d000 	c:\Users\luizc\.vscode\extensions\redhat.java-1.25.1-win32-x64\jre\17.0.9-win32-x86_64\bin\msvcp140.dll
0x00007ff8be9b0000 - 0x00007ff8bf611000 	c:\Users\luizc\.vscode\extensions\redhat.java-1.25.1-win32-x64\jre\17.0.9-win32-x86_64\bin\server\jvm.dll
0x00007ff953000000 - 0x00007ff9530b2000 	C:\Windows\System32\ADVAPI32.dll
0x00007ff952e30000 - 0x00007ff952ed9000 	C:\Windows\System32\sechost.dll
0x00007ff951360000 - 0x00007ff951388000 	C:\Windows\System32\bcrypt.dll
0x00007ff952ee0000 - 0x00007ff952ff4000 	C:\Windows\System32\RPCRT4.dll
0x00007ff94fd40000 - 0x00007ff94fd8d000 	C:\Windows\SYSTEM32\POWRPROF.dll
0x00007ff949540000 - 0x00007ff949549000 	C:\Windows\SYSTEM32\WSOCK32.dll
0x00007ff953940000 - 0x00007ff9539b1000 	C:\Windows\System32\WS2_32.dll
0x00007ff940430000 - 0x00007ff940464000 	C:\Windows\SYSTEM32\WINMM.dll
0x00007ff93d950000 - 0x00007ff93d95a000 	C:\Windows\SYSTEM32\VERSION.dll
0x00007ff94fd20000 - 0x00007ff94fd33000 	C:\Windows\SYSTEM32\UMPDC.dll
0x00007ff94fd00000 - 0x00007ff94fd18000 	C:\Windows\SYSTEM32\kernel.appcore.dll
0x00007ff93f300000 - 0x00007ff93f30a000 	c:\Users\luizc\.vscode\extensions\redhat.java-1.25.1-win32-x64\jre\17.0.9-win32-x86_64\bin\jimage.dll
0x00007ff94e970000 - 0x00007ff94eba2000 	C:\Windows\SYSTEM32\DBGHELP.DLL
0x00007ff951de0000 - 0x00007ff95216d000 	C:\Windows\System32\combase.dll
0x00007ff9536a0000 - 0x00007ff953777000 	C:\Windows\System32\OLEAUT32.dll
0x00007ff92f040000 - 0x00007ff92f072000 	C:\Windows\SYSTEM32\dbgcore.DLL
0x00007ff950f30000 - 0x00007ff950fab000 	C:\Windows\System32\bcryptPrimitives.dll
0x00007ff93f120000 - 0x00007ff93f12e000 	c:\Users\luizc\.vscode\extensions\redhat.java-1.25.1-win32-x64\jre\17.0.9-win32-x86_64\bin\instrument.dll
0x00007ff93b160000 - 0x00007ff93b185000 	c:\Users\luizc\.vscode\extensions\redhat.java-1.25.1-win32-x64\jre\17.0.9-win32-x86_64\bin\java.dll
0x00007ff91c6f0000 - 0x00007ff91c708000 	c:\Users\luizc\.vscode\extensions\redhat.java-1.25.1-win32-x64\jre\17.0.9-win32-x86_64\bin\zip.dll
0x00007ff9525c0000 - 0x00007ff952e28000 	C:\Windows\System32\SHELL32.dll
0x00007ff94edf0000 - 0x00007ff94f6ee000 	C:\Windows\SYSTEM32\windows.storage.dll
0x00007ff94ecb0000 - 0x00007ff94edef000 	C:\Windows\SYSTEM32\wintypes.dll
0x00007ff9537e0000 - 0x00007ff9538d9000 	C:\Windows\System32\SHCORE.dll
0x00007ff953780000 - 0x00007ff9537de000 	C:\Windows\System32\shlwapi.dll
0x00007ff950dc0000 - 0x00007ff950de1000 	C:\Windows\SYSTEM32\profapi.dll
0x00007ff91c6d0000 - 0x00007ff91c6e9000 	C:\Users\luizc\.vscode\extensions\redhat.java-1.25.1-win32-x64\jre\17.0.9-win32-x86_64\bin\net.dll
0x00007ff941340000 - 0x00007ff941476000 	C:\Windows\SYSTEM32\WINHTTP.dll
0x00007ff950420000 - 0x00007ff950489000 	C:\Windows\system32\mswsock.dll
0x00007ff916750000 - 0x00007ff916766000 	C:\Users\luizc\.vscode\extensions\redhat.java-1.25.1-win32-x64\jre\17.0.9-win32-x86_64\bin\nio.dll
0x00007ff93b850000 - 0x00007ff93b860000 	c:\Users\luizc\.vscode\extensions\redhat.java-1.25.1-win32-x64\jre\17.0.9-win32-x86_64\bin\verify.dll

dbghelp: loaded successfully - version: 4.0.5 - missing functions: none
symbol engine: initialized successfully - sym options: 0x614 - pdb path: .;c:\Users\luizc\.vscode\extensions\redhat.java-1.25.1-win32-x64\jre\17.0.9-win32-x86_64\bin;C:\Windows\SYSTEM32;C:\Windows\WinSxS\amd64_microsoft.windows.common-controls_6595b64144ccf1df_6.0.22621.3672_none_2713b9d173822955;c:\Users\luizc\.vscode\extensions\redhat.java-1.25.1-win32-x64\jre\17.0.9-win32-x86_64\bin\server

VM Arguments:
jvm_args: --add-modules=ALL-SYSTEM --add-opens=java.base/java.util=ALL-UNNAMED --add-opens=java.base/java.lang=ALL-UNNAMED --add-opens=java.base/sun.nio.fs=ALL-UNNAMED -Declipse.application=org.eclipse.jdt.ls.core.id1 -Dosgi.bundles.defaultStartLevel=4 -Declipse.product=org.eclipse.jdt.ls.core.product -Djava.import.generatesMetadataFilesAtProjectRoot=false -DDetectVMInstallationsJob.disabled=true -Dfile.encoding=utf8 -XX:+UseParallelGC -XX:GCTimeRatio=4 -XX:AdaptiveSizePolicyWeight=90 -Dsun.zip.disableMemoryMapping=true -Xmx1G -Xms100m -Xlog:disable -javaagent:c:\Users\luizc\.vscode\extensions\redhat.java-1.25.1-win32-x64\lombok\lombok-1.18.30.jar 
java_command: c:\Users\luizc\.vscode\extensions\redhat.java-1.25.1-win32-x64\server\plugins\org.eclipse.equinox.launcher_1.6.600.v20231106-1826.jar -configuration c:\Users\luizc\AppData\Roaming\Code\User\globalStorage\redhat.java\1.25.1\config_ss_win -data c:\Users\luizc\AppData\Roaming\Code\User\workspaceStorage\9085f2d17ec7ba6d99c612aafa646768\redhat.java\ss_ws --stdio
java_class_path (initial): c:\Users\luizc\.vscode\extensions\redhat.java-1.25.1-win32-x64\server\plugins\org.eclipse.equinox.launcher_1.6.600.v20231106-1826.jar
Launcher Type: SUN_STANDARD

[Global flags]
    uintx AdaptiveSizePolicyWeight                 = 90                                        {product} {command line}
     intx CICompilerCount                          = 2                                         {product} {ergonomic}
    uintx GCTimeRatio                              = 4                                         {product} {command line}
   size_t InitialHeapSize                          = 104857600                                 {product} {command line}
   size_t MaxHeapSize                              = 1073741824                                {product} {command line}
   size_t MaxNewSize                               = 357564416                                 {product} {ergonomic}
   size_t MinHeapDeltaBytes                        = 524288                                    {product} {ergonomic}
   size_t MinHeapSize                              = 104857600                                 {product} {command line}
   size_t NewSize                                  = 34603008                                  {product} {ergonomic}
    uintx NonNMethodCodeHeapSize                   = 5826188                                {pd product} {ergonomic}
    uintx NonProfiledCodeHeapSize                  = 122916026                              {pd product} {ergonomic}
   size_t OldSize                                  = 70254592                                  {product} {ergonomic}
    uintx ProfiledCodeHeapSize                     = 122916026                              {pd product} {ergonomic}
    uintx ReservedCodeCacheSize                    = 251658240                              {pd product} {ergonomic}
     bool SegmentedCodeCache                       = true                                      {product} {ergonomic}
   size_t SoftMaxHeapSize                          = 1073741824                             {manageable} {ergonomic}
     bool UseCompressedClassPointers               = true                           {product lp64_product} {ergonomic}
     bool UseCompressedOops                        = true                           {product lp64_product} {ergonomic}
     bool UseLargePagesIndividualAllocation        = false                                  {pd product} {ergonomic}
     bool UseParallelGC                            = true                                      {product} {command line}

Logging:
Log output configuration:
 #0: stdout all=off uptime,level,tags
 #1: stderr all=off uptime,level,tags

Environment Variables:
PATH=C:\Program Files\Common Files\Oracle\Java\javapath;C:\Program Files (x86)\Common Files\Oracle\Java\java8path;C:\Program Files (x86)\Common Files\Oracle\Java\javapath;C:\Windows\system32;C:\Windows;C:\Windows\System32\Wbem;C:\Windows\System32\WindowsPowerShell\v1.0\;C:\Windows\System32\OpenSSH\;C:\Program Files (x86)\Microsoft SQL Server\160\Tools\Binn\;C:\Program Files\Microsoft SQL Server\160\Tools\Binn\;C:\Program Files\Microsoft SQL Server\Client SDK\ODBC\170\Tools\Binn\;C:\Program Files\Microsoft SQL Server\160\DTS\Binn\;C:\Program Files\Git\cmd;C:\Users\luizc\AppData\Local\Microsoft\WindowsApps;C:\Users\luizc\AppData\Local\Programs\Microsoft VS Code\bin;C:\Program Files\MongoDB\Server\<versão>\bin;C:\Users\luizc\AppData\Local\Microsoft\WindowsApps;C:\Users\luizc\OneDrive\Ambiente de Trabalho\CampoMinado\demo\.mvn\wrapper\maven-wrapper.properties;C:\Users\luizc\AppData\Local\Programs\Microsoft VS Code\bin
USERNAME=luizc
OS=Windows_NT
PROCESSOR_IDENTIFIER=Intel64 Family 6 Model 140 Stepping 1, GenuineIntel
TMP=C:\Users\luizc\AppData\Local\Temp
TEMP=C:\Users\luizc\AppData\Local\Temp



Periodic native trim disabled


---------------  S Y S T E M  ---------------

OS:
 Windows 11 , 64 bit Build 22621 (10.0.22621.3958)
OS uptime: 0 days 12:47 hours

CPU: total 2 (initial active 2) (2 cores per cpu, 1 threads per core) family 6 model 140 stepping 1 microcode 0x8a, cx8, cmov, fxsr, mmx, 3dnowpref, sse, sse2, sse3, ssse3, sse4.1, sse4.2, popcnt, lzcnt, tsc, tscinvbit, avx, avx2, aes, erms, clmul, bmi1, bmi2, adx, avx512f, avx512dq, avx512cd, avx512bw, avx512vl, sha, fma, vzeroupper, avx512_vpopcntdq, avx512_vpclmulqdq, avx512_vaes, avx512_vnni, clflush, clflushopt, clwb, avx512_vbmi2, avx512_vbmi
Processor Information for all 2 processors :
  Max Mhz: 1805, Current Mhz: 1805, Mhz Limit: 1805

Memory: 4k page, system-wide physical 3819M (371M free)
TotalPageFile size 9898M (AvailPageFile size 0M)
current process WorkingSet (physical memory assigned to process): 48M, peak: 48M
current process commit charge ("private bytes"): 172M, peak: 172M

vm_info: OpenJDK 64-Bit Server VM (17.0.9+9) for windows-amd64 JRE (17.0.9+9), built on Oct 26 2023 14:01:42 by "admin" with MS VC++ 16.10 / 16.11 (VS2019)

END.
