#
# There is insufficient memory for the Java Runtime Environment to continue.
# Native memory allocation (malloc) failed to allocate 290416 bytes for Chunk::new
# Possible reasons:
#   The system is out of physical RAM or swap space
#   The process is running with CompressedOops enabled, and the Java Heap may be blocking the growth of the native heap
# Possible solutions:
#   Reduce memory load on the system
#   Increase physical memory or swap space
#   Check if swap backing store is full
#   Decrease Java heap size (-Xmx/-Xms)
#   Decrease number of Java threads
#   Decrease Java thread stack sizes (-Xss)
#   Set larger code cache with -XX:ReservedCodeCacheSize=
#   JVM is running with Unscaled Compressed Oops mode in which the Java heap is
#     placed in the first 4GB address space. The Java Heap base address is the
#     maximum limit for the native heap growth. Please use -XX:HeapBaseMinAddress
#     to set the Java Heap base and to place the Java Heap above 4GB virtual address.
# This output file may be truncated or incomplete.
#
#  Out of Memory Error (arena.cpp:191), pid=8328, tid=7300
#
# JRE version: OpenJDK Runtime Environment Temurin-17.0.9+9 (17.0.9+9) (build 17.0.9+9)
# Java VM: OpenJDK 64-Bit Server VM Temurin-17.0.9+9 (17.0.9+9, mixed mode, tiered, compressed oops, compressed class ptrs, parallel gc, windows-amd64)
# No core dump will be written. Minidumps are not enabled by default on client versions of Windows
#

---------------  S U M M A R Y ------------

Command Line: --add-modules=ALL-SYSTEM --add-opens=java.base/java.util=ALL-UNNAMED --add-opens=java.base/java.lang=ALL-UNNAMED --add-opens=java.base/sun.nio.fs=ALL-UNNAMED -Declipse.application=org.eclipse.jdt.ls.core.id1 -Dosgi.bundles.defaultStartLevel=4 -Declipse.product=org.eclipse.jdt.ls.core.product -Djava.import.generatesMetadataFilesAtProjectRoot=false -DDetectVMInstallationsJob.disabled=true -Dfile.encoding=utf8 -XX:+UseParallelGC -XX:GCTimeRatio=4 -XX:AdaptiveSizePolicyWeight=90 -Dsun.zip.disableMemoryMapping=true -Xmx1G -Xms100m -Xlog:disable -javaagent:c:\Users\luizc\.vscode\extensions\redhat.java-1.25.1-win32-x64\lombok\lombok-1.18.30.jar c:\Users\luizc\.vscode\extensions\redhat.java-1.25.1-win32-x64\server\plugins\org.eclipse.equinox.launcher_1.6.600.v20231106-1826.jar -configuration c:\Users\luizc\AppData\Roaming\Code\User\globalStorage\redhat.java\1.25.1\config_ss_win -data c:\Users\luizc\AppData\Roaming\Code\User\workspaceStorage\9085f2d17ec7ba6d99c612aafa646768\redhat.java\ss_ws --stdio

Host: Intel(R) Celeron(R) 6305 @ 1.80GHz, 2 cores, 3G,  Windows 11 , 64 bit Build 22621 (10.0.22621.3958)
Time: Fri Aug 30 11:32:12 2024 Hora oficial do Brasil elapsed time: 1.430147 seconds (0d 0h 0m 1s)

---------------  T H R E A D  ---------------

Current thread (0x000002797ee0e650):  JavaThread "C2 CompilerThread0" daemon [_thread_in_native, id=7300, stack(0x000000fbae000000,0x000000fbae100000)]


Current CompileTask:
C2:   1430  491       4       lombok.patcher.scripts.MethodLevelPatchScript::patch (21 bytes)

Stack: [0x000000fbae000000,0x000000fbae100000]
Native frames: (J=compiled Java code, j=interpreted, Vv=VM code, C=native code)
V  [jvm.dll+0x67cf49]
V  [jvm.dll+0x83478a]
V  [jvm.dll+0x83624e]
V  [jvm.dll+0x8368b3]
V  [jvm.dll+0x247f1f]
V  [jvm.dll+0xac43c]
V  [jvm.dll+0xaca8c]
V  [jvm.dll+0x2af45f]
V  [jvm.dll+0x5853f7]
V  [jvm.dll+0x222f62]
V  [jvm.dll+0x22334f]
V  [jvm.dll+0x21c476]
V  [jvm.dll+0x2198c1]
V  [jvm.dll+0x1a57cd]
V  [jvm.dll+0x2297ae]
V  [jvm.dll+0x22797c]
V  [jvm.dll+0x7e9877]
V  [jvm.dll+0x7e3c3a]
V  [jvm.dll+0x67be35]
C  [ucrtbase.dll+0x29333]
C  [KERNEL32.DLL+0x1257d]
C  [ntdll.dll+0x5af28]


---------------  P R O C E S S  ---------------

Threads class SMR info:
_java_thread_list=0x0000027918a504b0, length=12, elements={
0x000002797ebc1ae0, 0x000002797edde020, 0x000002797eddf510, 0x000002797ee09f20,
0x000002797ee0a7f0, 0x000002797ee0d0d0, 0x000002797ee0d9a0, 0x000002797ee0e650,
0x00000279187854d0, 0x000002791879e1b0, 0x000002791888dfc0, 0x00000279189fa210
}

Java Threads: ( => current thread )
  0x000002797ebc1ae0 JavaThread "main" [_thread_in_vm, id=8812, stack(0x000000fbad700000,0x000000fbad800000)]
  0x000002797edde020 JavaThread "Reference Handler" daemon [_thread_blocked, id=7412, stack(0x000000fbada00000,0x000000fbadb00000)]
  0x000002797eddf510 JavaThread "Finalizer" daemon [_thread_blocked, id=6384, stack(0x000000fbadb00000,0x000000fbadc00000)]
  0x000002797ee09f20 JavaThread "Signal Dispatcher" daemon [_thread_blocked, id=12416, stack(0x000000fbadc00000,0x000000fbadd00000)]
  0x000002797ee0a7f0 JavaThread "Attach Listener" daemon [_thread_blocked, id=15348, stack(0x000000fbadd00000,0x000000fbade00000)]
  0x000002797ee0d0d0 JavaThread "Service Thread" daemon [_thread_blocked, id=14364, stack(0x000000fbade00000,0x000000fbadf00000)]
  0x000002797ee0d9a0 JavaThread "Monitor Deflation Thread" daemon [_thread_blocked, id=11840, stack(0x000000fbadf00000,0x000000fbae000000)]
=>0x000002797ee0e650 JavaThread "C2 CompilerThread0" daemon [_thread_in_native, id=7300, stack(0x000000fbae000000,0x000000fbae100000)]
  0x00000279187854d0 JavaThread "C1 CompilerThread0" daemon [_thread_blocked, id=15300, stack(0x000000fbae100000,0x000000fbae200000)]
  0x000002791879e1b0 JavaThread "Sweeper thread" daemon [_thread_blocked, id=4860, stack(0x000000fbae200000,0x000000fbae300000)]
  0x000002791888dfc0 JavaThread "Common-Cleaner" daemon [_thread_blocked, id=12480, stack(0x000000fbae300000,0x000000fbae400000)]
  0x00000279189fa210 JavaThread "Notification Thread" daemon [_thread_blocked, id=4964, stack(0x000000fbae400000,0x000000fbae500000)]

Other Threads:
  0x000002797ec4c400 VMThread "VM Thread" [stack: 0x000000fbad900000,0x000000fbada00000] [id=8788]
  0x0000027918a63590 WatcherThread [stack: 0x000000fbae500000,0x000000fbae600000] [id=7024]
  0x000002797ebd5d60 GCTaskThread "GC Thread#0" [stack: 0x000000fbad800000,0x000000fbad900000] [id=12832]

Threads with active compile tasks:
C2 CompilerThread0     1459  491       4       lombok.patcher.scripts.MethodLevelPatchScript::patch (21 bytes)

VM state: not at safepoint (normal execution)

VM Mutex/Monitor currently owned by a thread: None

Heap address: 0x00000000c0000000, size: 1024 MB, Compressed Oops mode: 32-bit

CDS archive(s) not mapped
Compressed class space mapped at: 0x0000000100000000-0x0000000140000000, reserved size: 1073741824
Narrow klass base: 0x0000000000000000, Narrow klass shift: 3, Narrow klass range: 0x140000000

GC Precious Log:
 CPUs: 2 total, 2 available
 Memory: 3819M
 Large Page Support: Disabled
 NUMA Support: Disabled
 Compressed Oops: Enabled (32-bit)
 Alignments: Space 512K, Generation 512K, Heap 2M
 Heap Min Capacity: 100M
 Heap Initial Capacity: 100M
 Heap Max Capacity: 1G
 Pre-touch: Disabled
 Parallel Workers: 2

Heap:
 PSYoungGen      total 29696K, used 10819K [0x00000000eab00000, 0x00000000ecc00000, 0x0000000100000000)
  eden space 25600K, 42% used [0x00000000eab00000,0x00000000eb590dc0,0x00000000ec400000)
  from space 4096K, 0% used [0x00000000ec800000,0x00000000ec800000,0x00000000ecc00000)
  to   space 4096K, 0% used [0x00000000ec400000,0x00000000ec400000,0x00000000ec800000)
 ParOldGen       total 68608K, used 0K [0x00000000c0000000, 0x00000000c4300000, 0x00000000eab00000)
  object space 68608K, 0% used [0x00000000c0000000,0x00000000c0000000,0x00000000c4300000)
 Metaspace       used 7696K, committed 7808K, reserved 1114112K
  class space    used 753K, committed 832K, reserved 1048576K

Card table byte_map: [0x000002797e550000,0x000002797e760000] _byte_map_base: 0x000002797df50000

Marking Bits: (ParMarkBitMap*) 0x00007ff8f818d0b0
 Begin Bits: [0x0000027911be0000, 0x0000027912be0000)
 End Bits:   [0x0000027912be0000, 0x0000027913be0000)

Polling page: 0x000002797c9c0000

Metaspace:

Usage:
  Non-class:      6.78 MB used.
      Class:    753.66 KB used.
       Both:      7.52 MB used.

Virtual space:
  Non-class space:       64.00 MB reserved,       6.81 MB ( 11%) committed,  1 nodes.
      Class space:        1.00 GB reserved,     832.00 KB ( <1%) committed,  1 nodes.
             Both:        1.06 GB reserved,       7.62 MB ( <1%) committed. 

Chunk freelists:
   Non-Class:  9.00 MB
       Class:  15.21 MB
        Both:  24.21 MB

MaxMetaspaceSize: unlimited
CompressedClassSpaceSize: 1.00 GB
Initial GC threshold: 21.00 MB
Current GC threshold: 21.00 MB
CDS: off
MetaspaceReclaimPolicy: balanced
 - commit_granule_bytes: 65536.
 - commit_granule_words: 8192.
 - virtual_space_node_default_size: 8388608.
 - enlarge_chunks_in_place: 1.
 - new_chunks_are_fully_committed: 0.
 - uncommit_free_chunks: 1.
 - use_allocation_guard: 0.
 - handle_deallocations: 1.


Internal statistics:

num_allocs_failed_limit: 0.
num_arena_births: 10.
num_arena_deaths: 0.
num_vsnodes_births: 2.
num_vsnodes_deaths: 0.
num_space_committed: 122.
num_space_uncommitted: 0.
num_chunks_returned_to_freelist: 0.
num_chunks_taken_from_freelist: 40.
num_chunk_merges: 0.
num_chunk_splits: 23.
num_chunks_enlarged: 21.
num_inconsistent_stats: 0.

CodeHeap 'non-profiled nmethods': size=120064Kb used=172Kb max_used=172Kb free=119891Kb
 bounds [0x000002790a6a0000, 0x000002790a910000, 0x0000027911be0000]
CodeHeap 'profiled nmethods': size=120000Kb used=694Kb max_used=694Kb free=119305Kb
 bounds [0x0000027902be0000, 0x0000027902e50000, 0x000002790a110000]
CodeHeap 'non-nmethods': size=5696Kb used=1131Kb max_used=1146Kb free=4564Kb
 bounds [0x000002790a110000, 0x000002790a380000, 0x000002790a6a0000]
 total_blobs=896 nmethods=491 adapters=320
 compilation: enabled
              stopped_count=0, restarted_count=0
 full_count=0

Compilation events (20 events):
Event: 1.278 Thread 0x00000279187854d0 nmethod 481 0x0000027902c89190 code [0x0000027902c89360, 0x0000027902c89988]
Event: 1.290 Thread 0x000002797ee0e650  482       4       java.util.HashSet::iterator (13 bytes)
Event: 1.300 Thread 0x00000279187854d0  484       3       sun.security.util.DerInputStream::<init> (38 bytes)
Event: 1.300 Thread 0x00000279187854d0 nmethod 484 0x0000027902c89c10 code [0x0000027902c89da0, 0x0000027902c89f38]
Event: 1.301 Thread 0x000002797ee0e650 nmethod 482 0x000002790a6c9e90 code [0x000002790a6ca040, 0x000002790a6ca598]
Event: 1.301 Thread 0x000002797ee0e650  483       4       java.util.HashMap::keySet (25 bytes)
Event: 1.302 Thread 0x000002797ee0e650 nmethod 483 0x000002790a6ca910 code [0x000002790a6caaa0, 0x000002790a6cabb8]
Event: 1.307 Thread 0x00000279187854d0  485       3       java.net.URI::match (56 bytes)
Event: 1.308 Thread 0x00000279187854d0 nmethod 485 0x0000027902c8a010 code [0x0000027902c8a1c0, 0x0000027902c8a4b8]
Event: 1.377 Thread 0x00000279187854d0  486       3       sun.security.util.DerValue::data (29 bytes)
Event: 1.378 Thread 0x00000279187854d0 nmethod 486 0x0000027902c8a590 code [0x0000027902c8a740, 0x0000027902c8a908]
Event: 1.379 Thread 0x00000279187854d0  487       3       sun.security.util.DerValue::<init> (445 bytes)
Event: 1.381 Thread 0x00000279187854d0 nmethod 487 0x0000027902c8aa10 code [0x0000027902c8ae20, 0x0000027902c8c7f8]
Event: 1.383 Thread 0x00000279187854d0  488       3       sun.security.util.DerInputStream::getDerValue (76 bytes)
Event: 1.383 Thread 0x00000279187854d0 nmethod 488 0x0000027902c8d190 code [0x0000027902c8d340, 0x0000027902c8d5a8]
Event: 1.389 Thread 0x00000279187854d0  489       3       sun.security.util.DerInputStream::available (10 bytes)
Event: 1.389 Thread 0x000002797ee0e650  490       4       java.lang.Math::min (11 bytes)
Event: 1.389 Thread 0x00000279187854d0 nmethod 489 0x0000027902c8d710 code [0x0000027902c8d8a0, 0x0000027902c8d9b8]
Event: 1.390 Thread 0x000002797ee0e650 nmethod 490 0x000002790a6cac90 code [0x000002790a6cae00, 0x000002790a6cae58]
Event: 1.400 Thread 0x000002797ee0e650  491       4       lombok.patcher.scripts.MethodLevelPatchScript::patch (21 bytes)

GC Heap History (0 events):
No events

Dll operation events (8 events):
Event: 0.012 Loaded shared library c:\Users\luizc\.vscode\extensions\redhat.java-1.25.1-win32-x64\jre\17.0.9-win32-x86_64\bin\java.dll
Event: 0.381 Loaded shared library c:\Users\luizc\.vscode\extensions\redhat.java-1.25.1-win32-x64\jre\17.0.9-win32-x86_64\bin\zip.dll
Event: 0.386 Loaded shared library C:\Users\luizc\.vscode\extensions\redhat.java-1.25.1-win32-x64\jre\17.0.9-win32-x86_64\bin\instrument.dll
Event: 0.442 Loaded shared library C:\Users\luizc\.vscode\extensions\redhat.java-1.25.1-win32-x64\jre\17.0.9-win32-x86_64\bin\net.dll
Event: 0.447 Loaded shared library C:\Users\luizc\.vscode\extensions\redhat.java-1.25.1-win32-x64\jre\17.0.9-win32-x86_64\bin\nio.dll
Event: 0.463 Loaded shared library C:\Users\luizc\.vscode\extensions\redhat.java-1.25.1-win32-x64\jre\17.0.9-win32-x86_64\bin\zip.dll
Event: 0.503 Loaded shared library C:\Users\luizc\.vscode\extensions\redhat.java-1.25.1-win32-x64\jre\17.0.9-win32-x86_64\bin\jimage.dll
Event: 0.671 Loaded shared library c:\Users\luizc\.vscode\extensions\redhat.java-1.25.1-win32-x64\jre\17.0.9-win32-x86_64\bin\verify.dll

Deoptimization events (20 events):
Event: 1.211 Thread 0x000002797ebc1ae0 Uncommon trap: trap_request=0xffffffde fr.pc=0x000002790a6c6e24 relative=0x0000000000000104
Event: 1.211 Thread 0x000002797ebc1ae0 Uncommon trap: reason=class_check action=maybe_recompile pc=0x000002790a6c6e24 method=jdk.internal.misc.Unsafe.allocateUninitializedArray(Ljava/lang/Class;I)Ljava/lang/Object; @ 51 c2
Event: 1.211 Thread 0x000002797ebc1ae0 DEOPT PACKING pc=0x000002790a6c6e24 sp=0x000000fbad7fc580
Event: 1.211 Thread 0x000002797ebc1ae0 DEOPT UNPACKING pc=0x000002790a169ea3 sp=0x000000fbad7fc508 mode 2
Event: 1.211 Thread 0x000002797ebc1ae0 Uncommon trap: trap_request=0xffffffde fr.pc=0x000002790a6c6e24 relative=0x0000000000000104
Event: 1.211 Thread 0x000002797ebc1ae0 Uncommon trap: reason=class_check action=maybe_recompile pc=0x000002790a6c6e24 method=jdk.internal.misc.Unsafe.allocateUninitializedArray(Ljava/lang/Class;I)Ljava/lang/Object; @ 51 c2
Event: 1.211 Thread 0x000002797ebc1ae0 DEOPT PACKING pc=0x000002790a6c6e24 sp=0x000000fbad7fc580
Event: 1.211 Thread 0x000002797ebc1ae0 DEOPT UNPACKING pc=0x000002790a169ea3 sp=0x000000fbad7fc508 mode 2
Event: 1.211 Thread 0x000002797ebc1ae0 Uncommon trap: trap_request=0xffffffde fr.pc=0x000002790a6c6e24 relative=0x0000000000000104
Event: 1.211 Thread 0x000002797ebc1ae0 Uncommon trap: reason=class_check action=maybe_recompile pc=0x000002790a6c6e24 method=jdk.internal.misc.Unsafe.allocateUninitializedArray(Ljava/lang/Class;I)Ljava/lang/Object; @ 51 c2
Event: 1.211 Thread 0x000002797ebc1ae0 DEOPT PACKING pc=0x000002790a6c6e24 sp=0x000000fbad7fc580
Event: 1.211 Thread 0x000002797ebc1ae0 DEOPT UNPACKING pc=0x000002790a169ea3 sp=0x000000fbad7fc508 mode 2
Event: 1.211 Thread 0x000002797ebc1ae0 Uncommon trap: trap_request=0xffffffde fr.pc=0x000002790a6c6e24 relative=0x0000000000000104
Event: 1.211 Thread 0x000002797ebc1ae0 Uncommon trap: reason=class_check action=maybe_recompile pc=0x000002790a6c6e24 method=jdk.internal.misc.Unsafe.allocateUninitializedArray(Ljava/lang/Class;I)Ljava/lang/Object; @ 51 c2
Event: 1.211 Thread 0x000002797ebc1ae0 DEOPT PACKING pc=0x000002790a6c6e24 sp=0x000000fbad7fc580
Event: 1.211 Thread 0x000002797ebc1ae0 DEOPT UNPACKING pc=0x000002790a169ea3 sp=0x000000fbad7fc508 mode 2
Event: 1.307 Thread 0x000002797ebc1ae0 Uncommon trap: trap_request=0xffffff45 fr.pc=0x000002790a6b6bc0 relative=0x00000000000000c0
Event: 1.307 Thread 0x000002797ebc1ae0 Uncommon trap: reason=unstable_if action=reinterpret pc=0x000002790a6b6bc0 method=java.net.URI.match(CJJ)Z @ 45 c2
Event: 1.307 Thread 0x000002797ebc1ae0 DEOPT PACKING pc=0x000002790a6b6bc0 sp=0x000000fbad7fca70
Event: 1.307 Thread 0x000002797ebc1ae0 DEOPT UNPACKING pc=0x000002790a169ea3 sp=0x000000fbad7fc9f8 mode 2

Classes unloaded (0 events):
No events

Classes redefined (0 events):
No events

Internal exceptions (2 events):
Event: 0.309 Thread 0x000002797ebc1ae0 Exception <a 'java/lang/NoSuchMethodError'{0x00000000eacb22d8}: 'void java.lang.invoke.DirectMethodHandle$Holder.invokeStatic(java.lang.Object, java.lang.Object, java.lang.Object)'> (0x00000000eacb22d8) 
thrown [s\src\hotspot\share\interpreter\linkResolver.cpp, line 759]
Event: 0.762 Thread 0x000002797ebc1ae0 Exception <a 'java/lang/reflect/InvocationTargetException'{0x00000000eafe2e90}> (0x00000000eafe2e90) 
thrown [s\src\hotspot\share\runtime\reflection.cpp, line 1121]

VM Operations (4 events):
Event: 0.320 Executing VM operation: HandshakeAllThreads
Event: 0.320 Executing VM operation: HandshakeAllThreads done
Event: 0.537 Executing VM operation: HandshakeAllThreads
Event: 0.537 Executing VM operation: HandshakeAllThreads done

Events (20 events):
Event: 1.309 loading class sun/security/x509/CRLDistributionPointsExtension
Event: 1.310 loading class sun/security/x509/CRLDistributionPointsExtension done
Event: 1.325 loading class sun/security/x509/DistributionPoint
Event: 1.326 loading class sun/security/x509/DistributionPoint done
Event: 1.326 loading class sun/security/x509/CertificatePoliciesExtension
Event: 1.326 loading class sun/security/x509/CertificatePoliciesExtension done
Event: 1.327 loading class sun/security/x509/PolicyInformation
Event: 1.327 loading class sun/security/x509/PolicyInformation done
Event: 1.327 loading class sun/security/x509/CertificatePolicyId
Event: 1.377 loading class sun/security/x509/CertificatePolicyId done
Event: 1.385 loading class sun/security/x509/SubjectAlternativeNameExtension
Event: 1.387 loading class sun/security/x509/SubjectAlternativeNameExtension done
Event: 1.387 loading class sun/security/x509/RFC822Name
Event: 1.388 loading class sun/security/x509/RFC822Name done
Event: 1.389 loading class java/security/cert/PolicyQualifierInfo
Event: 1.389 loading class java/security/cert/PolicyQualifierInfo done
Event: 1.390 loading class sun/security/pkcs/SignerInfo
Event: 1.391 loading class sun/security/pkcs/SignerInfo done
Event: 1.391 loading class sun/security/util/DisabledAlgorithmConstraints
Event: 1.399 loading class sun/security/util/AbstractAlgorithmConstraints


Dynamic libraries:
0x00007ff722c80000 - 0x00007ff722c8e000 	c:\Users\luizc\.vscode\extensions\redhat.java-1.25.1-win32-x64\jre\17.0.9-win32-x86_64\bin\java.exe
0x00007ff953b70000 - 0x00007ff953d87000 	C:\Windows\SYSTEM32\ntdll.dll
0x00007ff9524f0000 - 0x00007ff9525b4000 	C:\Windows\System32\KERNEL32.DLL
0x00007ff951390000 - 0x00007ff95173d000 	C:\Windows\System32\KERNELBASE.dll
0x00007ff951240000 - 0x00007ff951351000 	C:\Windows\System32\ucrtbase.dll
0x00007ff940510000 - 0x00007ff940527000 	c:\Users\luizc\.vscode\extensions\redhat.java-1.25.1-win32-x64\jre\17.0.9-win32-x86_64\bin\jli.dll
0x00007ff93b170000 - 0x00007ff93b18b000 	c:\Users\luizc\.vscode\extensions\redhat.java-1.25.1-win32-x64\jre\17.0.9-win32-x86_64\bin\VCRUNTIME140.dll
0x00007ff951c30000 - 0x00007ff951dde000 	C:\Windows\System32\USER32.dll
0x00007ff950e90000 - 0x00007ff950eb6000 	C:\Windows\System32\win32u.dll
0x00007ff952350000 - 0x00007ff952379000 	C:\Windows\System32\GDI32.dll
0x00007ff950fb0000 - 0x00007ff9510c9000 	C:\Windows\System32\gdi32full.dll
0x00007ff951740000 - 0x00007ff9517da000 	C:\Windows\System32\msvcp_win.dll
0x00007ff93c210000 - 0x00007ff93c4a3000 	C:\Windows\WinSxS\amd64_microsoft.windows.common-controls_6595b64144ccf1df_6.0.22621.3672_none_2713b9d173822955\COMCTL32.dll
0x00007ff9523c0000 - 0x00007ff952467000 	C:\Windows\System32\msvcrt.dll
0x00007ff952380000 - 0x00007ff9523b1000 	C:\Windows\System32\IMM32.DLL
0x00007ff94abe0000 - 0x00007ff94abec000 	c:\Users\luizc\.vscode\extensions\redhat.java-1.25.1-win32-x64\jre\17.0.9-win32-x86_64\bin\vcruntime140_1.dll
0x00007ff91c710000 - 0x00007ff91c79d000 	c:\Users\luizc\.vscode\extensions\redhat.java-1.25.1-win32-x64\jre\17.0.9-win32-x86_64\bin\msvcp140.dll
0x00007ff8f75f0000 - 0x00007ff8f8251000 	c:\Users\luizc\.vscode\extensions\redhat.java-1.25.1-win32-x64\jre\17.0.9-win32-x86_64\bin\server\jvm.dll
0x00007ff953000000 - 0x00007ff9530b2000 	C:\Windows\System32\ADVAPI32.dll
0x00007ff952e30000 - 0x00007ff952ed9000 	C:\Windows\System32\sechost.dll
0x00007ff951360000 - 0x00007ff951388000 	C:\Windows\System32\bcrypt.dll
0x00007ff952ee0000 - 0x00007ff952ff4000 	C:\Windows\System32\RPCRT4.dll
0x00007ff94fd40000 - 0x00007ff94fd8d000 	C:\Windows\SYSTEM32\POWRPROF.dll
0x00007ff949540000 - 0x00007ff949549000 	C:\Windows\SYSTEM32\WSOCK32.dll
0x00007ff953940000 - 0x00007ff9539b1000 	C:\Windows\System32\WS2_32.dll
0x00007ff940430000 - 0x00007ff940464000 	C:\Windows\SYSTEM32\WINMM.dll
0x00007ff93d950000 - 0x00007ff93d95a000 	C:\Windows\SYSTEM32\VERSION.dll
0x00007ff94fd20000 - 0x00007ff94fd33000 	C:\Windows\SYSTEM32\UMPDC.dll
0x00007ff94fd00000 - 0x00007ff94fd18000 	C:\Windows\SYSTEM32\kernel.appcore.dll
0x00007ff93f300000 - 0x00007ff93f30a000 	c:\Users\luizc\.vscode\extensions\redhat.java-1.25.1-win32-x64\jre\17.0.9-win32-x86_64\bin\jimage.dll
0x00007ff94e970000 - 0x00007ff94eba2000 	C:\Windows\SYSTEM32\DBGHELP.DLL
0x00007ff951de0000 - 0x00007ff95216d000 	C:\Windows\System32\combase.dll
0x00007ff9536a0000 - 0x00007ff953777000 	C:\Windows\System32\OLEAUT32.dll
0x00007ff92f040000 - 0x00007ff92f072000 	C:\Windows\SYSTEM32\dbgcore.DLL
0x00007ff950f30000 - 0x00007ff950fab000 	C:\Windows\System32\bcryptPrimitives.dll
0x00007ff93f120000 - 0x00007ff93f12e000 	c:\Users\luizc\.vscode\extensions\redhat.java-1.25.1-win32-x64\jre\17.0.9-win32-x86_64\bin\instrument.dll
0x00007ff91c6e0000 - 0x00007ff91c705000 	c:\Users\luizc\.vscode\extensions\redhat.java-1.25.1-win32-x64\jre\17.0.9-win32-x86_64\bin\java.dll
0x00007ff938910000 - 0x00007ff938928000 	c:\Users\luizc\.vscode\extensions\redhat.java-1.25.1-win32-x64\jre\17.0.9-win32-x86_64\bin\zip.dll
0x00007ff9525c0000 - 0x00007ff952e28000 	C:\Windows\System32\SHELL32.dll
0x00007ff94edf0000 - 0x00007ff94f6ee000 	C:\Windows\SYSTEM32\windows.storage.dll
0x00007ff94ecb0000 - 0x00007ff94edef000 	C:\Windows\SYSTEM32\wintypes.dll
0x00007ff9537e0000 - 0x00007ff9538d9000 	C:\Windows\System32\SHCORE.dll
0x00007ff953780000 - 0x00007ff9537de000 	C:\Windows\System32\shlwapi.dll
0x00007ff950dc0000 - 0x00007ff950de1000 	C:\Windows\SYSTEM32\profapi.dll
0x00007ff91c6c0000 - 0x00007ff91c6d9000 	C:\Users\luizc\.vscode\extensions\redhat.java-1.25.1-win32-x64\jre\17.0.9-win32-x86_64\bin\net.dll
0x00007ff941340000 - 0x00007ff941476000 	C:\Windows\SYSTEM32\WINHTTP.dll
0x00007ff950420000 - 0x00007ff950489000 	C:\Windows\system32\mswsock.dll
0x00007ff91c6a0000 - 0x00007ff91c6b6000 	C:\Users\luizc\.vscode\extensions\redhat.java-1.25.1-win32-x64\jre\17.0.9-win32-x86_64\bin\nio.dll
0x00007ff93b850000 - 0x00007ff93b860000 	c:\Users\luizc\.vscode\extensions\redhat.java-1.25.1-win32-x64\jre\17.0.9-win32-x86_64\bin\verify.dll

dbghelp: loaded successfully - version: 4.0.5 - missing functions: none
symbol engine: initialized successfully - sym options: 0x614 - pdb path: .;c:\Users\luizc\.vscode\extensions\redhat.java-1.25.1-win32-x64\jre\17.0.9-win32-x86_64\bin;C:\Windows\SYSTEM32;C:\Windows\WinSxS\amd64_microsoft.windows.common-controls_6595b64144ccf1df_6.0.22621.3672_none_2713b9d173822955;c:\Users\luizc\.vscode\extensions\redhat.java-1.25.1-win32-x64\jre\17.0.9-win32-x86_64\bin\server

VM Arguments:
jvm_args: --add-modules=ALL-SYSTEM --add-opens=java.base/java.util=ALL-UNNAMED --add-opens=java.base/java.lang=ALL-UNNAMED --add-opens=java.base/sun.nio.fs=ALL-UNNAMED -Declipse.application=org.eclipse.jdt.ls.core.id1 -Dosgi.bundles.defaultStartLevel=4 -Declipse.product=org.eclipse.jdt.ls.core.product -Djava.import.generatesMetadataFilesAtProjectRoot=false -DDetectVMInstallationsJob.disabled=true -Dfile.encoding=utf8 -XX:+UseParallelGC -XX:GCTimeRatio=4 -XX:AdaptiveSizePolicyWeight=90 -Dsun.zip.disableMemoryMapping=true -Xmx1G -Xms100m -Xlog:disable -javaagent:c:\Users\luizc\.vscode\extensions\redhat.java-1.25.1-win32-x64\lombok\lombok-1.18.30.jar 
java_command: c:\Users\luizc\.vscode\extensions\redhat.java-1.25.1-win32-x64\server\plugins\org.eclipse.equinox.launcher_1.6.600.v20231106-1826.jar -configuration c:\Users\luizc\AppData\Roaming\Code\User\globalStorage\redhat.java\1.25.1\config_ss_win -data c:\Users\luizc\AppData\Roaming\Code\User\workspaceStorage\9085f2d17ec7ba6d99c612aafa646768\redhat.java\ss_ws --stdio
java_class_path (initial): c:\Users\luizc\.vscode\extensions\redhat.java-1.25.1-win32-x64\server\plugins\org.eclipse.equinox.launcher_1.6.600.v20231106-1826.jar
Launcher Type: SUN_STANDARD

[Global flags]
    uintx AdaptiveSizePolicyWeight                 = 90                                        {product} {command line}
     intx CICompilerCount                          = 2                                         {product} {ergonomic}
    uintx GCTimeRatio                              = 4                                         {product} {command line}
   size_t InitialHeapSize                          = 104857600                                 {product} {command line}
   size_t MaxHeapSize                              = 1073741824                                {product} {command line}
   size_t MaxNewSize                               = 357564416                                 {product} {ergonomic}
   size_t MinHeapDeltaBytes                        = 524288                                    {product} {ergonomic}
   size_t MinHeapSize                              = 104857600                                 {product} {command line}
   size_t NewSize                                  = 34603008                                  {product} {ergonomic}
    uintx NonNMethodCodeHeapSize                   = 5826188                                {pd product} {ergonomic}
    uintx NonProfiledCodeHeapSize                  = 122916026                              {pd product} {ergonomic}
   size_t OldSize                                  = 70254592                                  {product} {ergonomic}
    uintx ProfiledCodeHeapSize                     = 122916026                              {pd product} {ergonomic}
    uintx ReservedCodeCacheSize                    = 251658240                              {pd product} {ergonomic}
     bool SegmentedCodeCache                       = true                                      {product} {ergonomic}
   size_t SoftMaxHeapSize                          = 1073741824                             {manageable} {ergonomic}
     bool UseCompressedClassPointers               = true                           {product lp64_product} {ergonomic}
     bool UseCompressedOops                        = true                           {product lp64_product} {ergonomic}
     bool UseLargePagesIndividualAllocation        = false                                  {pd product} {ergonomic}
     bool UseParallelGC                            = true                                      {product} {command line}

Logging:
Log output configuration:
 #0: stdout all=off uptime,level,tags
 #1: stderr all=off uptime,level,tags

Environment Variables:
PATH=C:\Program Files\Common Files\Oracle\Java\javapath;C:\Program Files (x86)\Common Files\Oracle\Java\java8path;C:\Program Files (x86)\Common Files\Oracle\Java\javapath;C:\Windows\system32;C:\Windows;C:\Windows\System32\Wbem;C:\Windows\System32\WindowsPowerShell\v1.0\;C:\Windows\System32\OpenSSH\;C:\Program Files (x86)\Microsoft SQL Server\160\Tools\Binn\;C:\Program Files\Microsoft SQL Server\160\Tools\Binn\;C:\Program Files\Microsoft SQL Server\Client SDK\ODBC\170\Tools\Binn\;C:\Program Files\Microsoft SQL Server\160\DTS\Binn\;C:\Program Files\Git\cmd;C:\Users\luizc\AppData\Local\Microsoft\WindowsApps;C:\Users\luizc\AppData\Local\Programs\Microsoft VS Code\bin;C:\Program Files\MongoDB\Server\<versão>\bin;C:\Users\luizc\AppData\Local\Microsoft\WindowsApps;C:\Users\luizc\OneDrive\Ambiente de Trabalho\CampoMinado\demo\.mvn\wrapper\maven-wrapper.properties;C:\Users\luizc\AppData\Local\Programs\Microsoft VS Code\bin
USERNAME=luizc
OS=Windows_NT
PROCESSOR_IDENTIFIER=Intel64 Family 6 Model 140 Stepping 1, GenuineIntel
TMP=C:\Users\luizc\AppData\Local\Temp
TEMP=C:\Users\luizc\AppData\Local\Temp



Periodic native trim disabled


---------------  S Y S T E M  ---------------

OS:
 Windows 11 , 64 bit Build 22621 (10.0.22621.3958)
OS uptime: 0 days 12:50 hours

CPU: total 2 (initial active 2) (2 cores per cpu, 1 threads per core) family 6 model 140 stepping 1 microcode 0x8a, cx8, cmov, fxsr, mmx, 3dnowpref, sse, sse2, sse3, ssse3, sse4.1, sse4.2, popcnt, lzcnt, tsc, tscinvbit, avx, avx2, aes, erms, clmul, bmi1, bmi2, adx, avx512f, avx512dq, avx512cd, avx512bw, avx512vl, sha, fma, vzeroupper, avx512_vpopcntdq, avx512_vpclmulqdq, avx512_vaes, avx512_vnni, clflush, clflushopt, clwb, avx512_vbmi2, avx512_vbmi
Processor Information for all 2 processors :
  Max Mhz: 1805, Current Mhz: 1805, Mhz Limit: 1805

Memory: 4k page, system-wide physical 3819M (348M free)
TotalPageFile size 9898M (AvailPageFile size 0M)
current process WorkingSet (physical memory assigned to process): 47M, peak: 47M
current process commit charge ("private bytes"): 171M, peak: 171M

vm_info: OpenJDK 64-Bit Server VM (17.0.9+9) for windows-amd64 JRE (17.0.9+9), built on Oct 26 2023 14:01:42 by "admin" with MS VC++ 16.10 / 16.11 (VS2019)

END.
