#
# There is insufficient memory for the Java Runtime Environment to continue.
# Native memory allocation (malloc) failed to allocate 1048576 bytes for AllocateHeap
# Possible reasons:
#   The system is out of physical RAM or swap space
#   The process is running with CompressedOops enabled, and the Java Heap may be blocking the growth of the native heap
# Possible solutions:
#   Reduce memory load on the system
#   Increase physical memory or swap space
#   Check if swap backing store is full
#   Decrease Java heap size (-Xmx/-Xms)
#   Decrease number of Java threads
#   Decrease Java thread stack sizes (-Xss)
#   Set larger code cache with -XX:ReservedCodeCacheSize=
#   JVM is running with Unscaled Compressed Oops mode in which the Java heap is
#     placed in the first 4GB address space. The Java Heap base address is the
#     maximum limit for the native heap growth. Please use -XX:HeapBaseMinAddress
#     to set the Java Heap base and to place the Java Heap above 4GB virtual address.
# This output file may be truncated or incomplete.
#
#  Out of Memory Error (allocation.cpp:44), pid=9540, tid=13412
#
# JRE version:  (17.0.9+9) (build )
# Java VM: OpenJDK 64-Bit Server VM (17.0.9+9, mixed mode, tiered, compressed oops, compressed class ptrs, parallel gc, windows-amd64)
# No core dump will be written. Minidumps are not enabled by default on client versions of Windows
#

---------------  S U M M A R Y ------------

Command Line: --add-modules=ALL-SYSTEM --add-opens=java.base/java.util=ALL-UNNAMED --add-opens=java.base/java.lang=ALL-UNNAMED --add-opens=java.base/sun.nio.fs=ALL-UNNAMED -Declipse.application=org.eclipse.jdt.ls.core.id1 -Dosgi.bundles.defaultStartLevel=4 -Declipse.product=org.eclipse.jdt.ls.core.product -Djava.import.generatesMetadataFilesAtProjectRoot=false -DDetectVMInstallationsJob.disabled=true -Dfile.encoding=utf8 -XX:+UseParallelGC -XX:GCTimeRatio=4 -XX:AdaptiveSizePolicyWeight=90 -Dsun.zip.disableMemoryMapping=true -Xmx1G -Xms100m -Xlog:disable -javaagent:c:\Users\luizc\.vscode\extensions\redhat.java-1.25.1-win32-x64\lombok\lombok-1.18.30.jar c:\Users\luizc\.vscode\extensions\redhat.java-1.25.1-win32-x64\server\plugins\org.eclipse.equinox.launcher_1.6.600.v20231106-1826.jar -configuration c:\Users\luizc\AppData\Roaming\Code\User\globalStorage\redhat.java\1.25.1\config_ss_win -data c:\Users\luizc\AppData\Roaming\Code\User\workspaceStorage\9085f2d17ec7ba6d99c612aafa646768\redhat.java\ss_ws --stdio

Host: Intel(R) Celeron(R) 6305 @ 1.80GHz, 2 cores, 3G,  Windows 11 , 64 bit Build 22621 (10.0.22621.3958)
Time: Fri Aug 30 11:31:58 2024 Hora oficial do Brasil elapsed time: 0.305300 seconds (0d 0h 0m 0s)

---------------  T H R E A D  ---------------

Current thread (0x000001ef6fed2df0):  JavaThread "Unknown thread" [_thread_in_vm, id=13412, stack(0x000000199e200000,0x000000199e300000)]

Stack: [0x000000199e200000,0x000000199e300000]
Native frames: (J=compiled Java code, j=interpreted, Vv=VM code, C=native code)
V  [jvm.dll+0x67cf49]
V  [jvm.dll+0x83478a]
V  [jvm.dll+0x83624e]
V  [jvm.dll+0x8368b3]
V  [jvm.dll+0x247f1f]
V  [jvm.dll+0xa6b4b]
V  [jvm.dll+0x6afa7a]
V  [jvm.dll+0x6b076f]
V  [jvm.dll+0x689683]
V  [jvm.dll+0x80674b]
V  [jvm.dll+0x36cfb4]
V  [jvm.dll+0x7e4aac]
V  [jvm.dll+0x3f07af]
V  [jvm.dll+0x3f23e1]
C  [jli.dll+0x528f]
C  [ucrtbase.dll+0x29333]
C  [KERNEL32.DLL+0x1257d]
C  [ntdll.dll+0x5af28]


---------------  P R O C E S S  ---------------

Threads class SMR info:
_java_thread_list=0x00007ff8f811ee98, length=0, elements={
}

Java Threads: ( => current thread )

Other Threads:
  0x000001ef6fee6060 GCTaskThread "GC Thread#0" [stack: 0x000000199e300000,0x000000199e400000] [id=15352]

=>0x000001ef6fed2df0 (exited) JavaThread "Unknown thread" [_thread_in_vm, id=13412, stack(0x000000199e200000,0x000000199e300000)]

Threads with active compile tasks:

VM state: not at safepoint (normal execution)

VM Mutex/Monitor currently owned by a thread: None

Heap address: 0x00000000c0000000, size: 1024 MB, Compressed Oops mode: 32-bit

CDS archive(s) not mapped
Compressed class space mapped at: 0x0000000100000000-0x0000000140000000, reserved size: 1073741824
Narrow klass base: 0x0000000000000000, Narrow klass shift: 3, Narrow klass range: 0x140000000

GC Precious Log:
 CPUs: 2 total, 2 available
 Memory: 3819M
 Large Page Support: Disabled
 NUMA Support: Disabled
 Compressed Oops: Enabled (32-bit)
 Alignments: Space 512K, Generation 512K, Heap 2M
 Heap Min Capacity: 100M
 Heap Initial Capacity: 100M
 Heap Max Capacity: 1G
 Pre-touch: Disabled
 Parallel Workers: 2

Heap:
 PSYoungGen      total 29696K, used 512K [0x00000000eab00000, 0x00000000ecc00000, 0x0000000100000000)
  eden space 25600K, 2% used [0x00000000eab00000,0x00000000eab80070,0x00000000ec400000)
  from space 4096K, 0% used [0x00000000ec800000,0x00000000ec800000,0x00000000ecc00000)
  to   space 4096K, 0% used [0x00000000ec400000,0x00000000ec400000,0x00000000ec800000)
 ParOldGen       total 68608K, used 0K [0x00000000c0000000, 0x00000000c4300000, 0x00000000eab00000)
  object space 68608K, 0% used [0x00000000c0000000,0x00000000c0000000,0x00000000c4300000)
 Metaspace       used 1149K, committed 1216K, reserved 1114112K
  class space    used 101K, committed 128K, reserved 1048576K

Card table byte_map: [0x000001ef6f860000,0x000001ef6fa70000] _byte_map_base: 0x000001ef6f260000

Marking Bits: (ParMarkBitMap*) 0x00007ff8f818d0b0
 Begin Bits: [0x000001ef72b60000, 0x000001ef73b60000)
 End Bits:   [0x000001ef73b60000, 0x000001ef74b60000)

Polling page: 0x000001ef6dd90000

Metaspace:

Usage:
  Non-class:      1.02 MB used.
      Class:    101.05 KB used.
       Both:      1.12 MB used.

Virtual space:
  Non-class space:       64.00 MB reserved,       1.06 MB (  2%) committed,  1 nodes.
      Class space:        1.00 GB reserved,     128.00 KB ( <1%) committed,  1 nodes.
             Both:        1.06 GB reserved,       1.19 MB ( <1%) committed. 

Chunk freelists:
   Non-Class:  12.00 MB
       Class:  15.75 MB
        Both:  27.75 MB

MaxMetaspaceSize: unlimited
CompressedClassSpaceSize: 1.00 GB
Initial GC threshold: 21.00 MB
Current GC threshold: 17179869184.00 GB
CDS: off
MetaspaceReclaimPolicy: balanced
 - commit_granule_bytes: 65536.
 - commit_granule_words: 8192.
 - virtual_space_node_default_size: 8388608.
 - enlarge_chunks_in_place: 1.
 - new_chunks_are_fully_committed: 0.
 - uncommit_free_chunks: 1.
 - use_allocation_guard: 0.
 - handle_deallocations: 1.


Internal statistics:

num_allocs_failed_limit: 0.
num_arena_births: 2.
num_arena_deaths: 0.
num_vsnodes_births: 2.
num_vsnodes_deaths: 0.
num_space_committed: 19.
num_space_uncommitted: 0.
num_chunks_returned_to_freelist: 0.
num_chunks_taken_from_freelist: 3.
num_chunk_merges: 0.
num_chunk_splits: 2.
num_chunks_enlarged: 0.
num_inconsistent_stats: 0.

CodeHeap 'non-profiled nmethods': size=120064Kb used=0Kb max_used=0Kb free=120064Kb
 bounds [0x000001ef07ac0000, 0x000001ef07d30000, 0x000001ef0f000000]
CodeHeap 'profiled nmethods': size=120000Kb used=0Kb max_used=0Kb free=120000Kb
 bounds [0x000001ef00000000, 0x000001ef00270000, 0x000001ef07530000]
CodeHeap 'non-nmethods': size=5696Kb used=208Kb max_used=360Kb free=5487Kb
 bounds [0x000001ef07530000, 0x000001ef077a0000, 0x000001ef07ac0000]
 total_blobs=66 nmethods=0 adapters=47
 compilation: enabled
              stopped_count=0, restarted_count=0
 full_count=0

Compilation events (0 events):
No events

GC Heap History (0 events):
No events

Dll operation events (1 events):
Event: 0.073 Loaded shared library c:\Users\luizc\.vscode\extensions\redhat.java-1.25.1-win32-x64\jre\17.0.9-win32-x86_64\bin\java.dll

Deoptimization events (0 events):
No events

Classes unloaded (0 events):
No events

Classes redefined (0 events):
No events

Internal exceptions (0 events):
No events

VM Operations (0 events):
No events

Events (20 events):
Event: 0.226 loading class java/lang/Long
Event: 0.226 loading class java/lang/Long done
Event: 0.226 loading class java/util/Iterator
Event: 0.226 loading class java/util/Iterator done
Event: 0.226 loading class java/lang/reflect/RecordComponent
Event: 0.226 loading class java/lang/reflect/RecordComponent done
Event: 0.226 loading class jdk/internal/vm/vector/VectorSupport
Event: 0.232 loading class jdk/internal/vm/vector/VectorSupport done
Event: 0.232 loading class jdk/internal/vm/vector/VectorSupport$VectorPayload
Event: 0.232 loading class jdk/internal/vm/vector/VectorSupport$VectorPayload done
Event: 0.232 loading class jdk/internal/vm/vector/VectorSupport$Vector
Event: 0.233 loading class jdk/internal/vm/vector/VectorSupport$Vector done
Event: 0.233 loading class jdk/internal/vm/vector/VectorSupport$VectorMask
Event: 0.233 loading class jdk/internal/vm/vector/VectorSupport$VectorMask done
Event: 0.233 loading class jdk/internal/vm/vector/VectorSupport$VectorShuffle
Event: 0.233 loading class jdk/internal/vm/vector/VectorSupport$VectorShuffle done
Event: 0.242 loading class java/lang/NullPointerException
Event: 0.242 loading class java/lang/NullPointerException done
Event: 0.242 loading class java/lang/ArithmeticException
Event: 0.242 loading class java/lang/ArithmeticException done


Dynamic libraries:
0x00007ff722c80000 - 0x00007ff722c8e000 	c:\Users\luizc\.vscode\extensions\redhat.java-1.25.1-win32-x64\jre\17.0.9-win32-x86_64\bin\java.exe
0x00007ff953b70000 - 0x00007ff953d87000 	C:\Windows\SYSTEM32\ntdll.dll
0x00007ff9524f0000 - 0x00007ff9525b4000 	C:\Windows\System32\KERNEL32.DLL
0x00007ff951390000 - 0x00007ff95173d000 	C:\Windows\System32\KERNELBASE.dll
0x00007ff951240000 - 0x00007ff951351000 	C:\Windows\System32\ucrtbase.dll
0x00007ff93b170000 - 0x00007ff93b18b000 	c:\Users\luizc\.vscode\extensions\redhat.java-1.25.1-win32-x64\jre\17.0.9-win32-x86_64\bin\VCRUNTIME140.dll
0x00007ff940510000 - 0x00007ff940527000 	c:\Users\luizc\.vscode\extensions\redhat.java-1.25.1-win32-x64\jre\17.0.9-win32-x86_64\bin\jli.dll
0x00007ff951c30000 - 0x00007ff951dde000 	C:\Windows\System32\USER32.dll
0x00007ff950e90000 - 0x00007ff950eb6000 	C:\Windows\System32\win32u.dll
0x00007ff952350000 - 0x00007ff952379000 	C:\Windows\System32\GDI32.dll
0x00007ff950fb0000 - 0x00007ff9510c9000 	C:\Windows\System32\gdi32full.dll
0x00007ff951740000 - 0x00007ff9517da000 	C:\Windows\System32\msvcp_win.dll
0x00007ff93c210000 - 0x00007ff93c4a3000 	C:\Windows\WinSxS\amd64_microsoft.windows.common-controls_6595b64144ccf1df_6.0.22621.3672_none_2713b9d173822955\COMCTL32.dll
0x00007ff9523c0000 - 0x00007ff952467000 	C:\Windows\System32\msvcrt.dll
0x00007ff952380000 - 0x00007ff9523b1000 	C:\Windows\System32\IMM32.DLL
0x00007ff94abe0000 - 0x00007ff94abec000 	c:\Users\luizc\.vscode\extensions\redhat.java-1.25.1-win32-x64\jre\17.0.9-win32-x86_64\bin\vcruntime140_1.dll
0x00007ff91c710000 - 0x00007ff91c79d000 	c:\Users\luizc\.vscode\extensions\redhat.java-1.25.1-win32-x64\jre\17.0.9-win32-x86_64\bin\msvcp140.dll
0x00007ff8f75f0000 - 0x00007ff8f8251000 	c:\Users\luizc\.vscode\extensions\redhat.java-1.25.1-win32-x64\jre\17.0.9-win32-x86_64\bin\server\jvm.dll
0x00007ff953000000 - 0x00007ff9530b2000 	C:\Windows\System32\ADVAPI32.dll
0x00007ff952e30000 - 0x00007ff952ed9000 	C:\Windows\System32\sechost.dll
0x00007ff951360000 - 0x00007ff951388000 	C:\Windows\System32\bcrypt.dll
0x00007ff952ee0000 - 0x00007ff952ff4000 	C:\Windows\System32\RPCRT4.dll
0x00007ff94fd40000 - 0x00007ff94fd8d000 	C:\Windows\SYSTEM32\POWRPROF.dll
0x00007ff949540000 - 0x00007ff949549000 	C:\Windows\SYSTEM32\WSOCK32.dll
0x00007ff953940000 - 0x00007ff9539b1000 	C:\Windows\System32\WS2_32.dll
0x00007ff940430000 - 0x00007ff940464000 	C:\Windows\SYSTEM32\WINMM.dll
0x00007ff93d950000 - 0x00007ff93d95a000 	C:\Windows\SYSTEM32\VERSION.dll
0x00007ff94fd20000 - 0x00007ff94fd33000 	C:\Windows\SYSTEM32\UMPDC.dll
0x00007ff94fd00000 - 0x00007ff94fd18000 	C:\Windows\SYSTEM32\kernel.appcore.dll
0x00007ff93f300000 - 0x00007ff93f30a000 	c:\Users\luizc\.vscode\extensions\redhat.java-1.25.1-win32-x64\jre\17.0.9-win32-x86_64\bin\jimage.dll
0x00007ff94e970000 - 0x00007ff94eba2000 	C:\Windows\SYSTEM32\DBGHELP.DLL
0x00007ff951de0000 - 0x00007ff95216d000 	C:\Windows\System32\combase.dll
0x00007ff9536a0000 - 0x00007ff953777000 	C:\Windows\System32\OLEAUT32.dll
0x00007ff92f040000 - 0x00007ff92f072000 	C:\Windows\SYSTEM32\dbgcore.DLL
0x00007ff950f30000 - 0x00007ff950fab000 	C:\Windows\System32\bcryptPrimitives.dll
0x00007ff93f120000 - 0x00007ff93f12e000 	c:\Users\luizc\.vscode\extensions\redhat.java-1.25.1-win32-x64\jre\17.0.9-win32-x86_64\bin\instrument.dll
0x00007ff91c6e0000 - 0x00007ff91c705000 	c:\Users\luizc\.vscode\extensions\redhat.java-1.25.1-win32-x64\jre\17.0.9-win32-x86_64\bin\java.dll
0x00007ff938910000 - 0x00007ff938928000 	c:\Users\luizc\.vscode\extensions\redhat.java-1.25.1-win32-x64\jre\17.0.9-win32-x86_64\bin\zip.dll

dbghelp: loaded successfully - version: 4.0.5 - missing functions: none
symbol engine: initialized successfully - sym options: 0x614 - pdb path: .;c:\Users\luizc\.vscode\extensions\redhat.java-1.25.1-win32-x64\jre\17.0.9-win32-x86_64\bin;C:\Windows\SYSTEM32;C:\Windows\WinSxS\amd64_microsoft.windows.common-controls_6595b64144ccf1df_6.0.22621.3672_none_2713b9d173822955;c:\Users\luizc\.vscode\extensions\redhat.java-1.25.1-win32-x64\jre\17.0.9-win32-x86_64\bin\server

VM Arguments:
jvm_args: --add-modules=ALL-SYSTEM --add-opens=java.base/java.util=ALL-UNNAMED --add-opens=java.base/java.lang=ALL-UNNAMED --add-opens=java.base/sun.nio.fs=ALL-UNNAMED -Declipse.application=org.eclipse.jdt.ls.core.id1 -Dosgi.bundles.defaultStartLevel=4 -Declipse.product=org.eclipse.jdt.ls.core.product -Djava.import.generatesMetadataFilesAtProjectRoot=false -DDetectVMInstallationsJob.disabled=true -Dfile.encoding=utf8 -XX:+UseParallelGC -XX:GCTimeRatio=4 -XX:AdaptiveSizePolicyWeight=90 -Dsun.zip.disableMemoryMapping=true -Xmx1G -Xms100m -Xlog:disable -javaagent:c:\Users\luizc\.vscode\extensions\redhat.java-1.25.1-win32-x64\lombok\lombok-1.18.30.jar 
java_command: c:\Users\luizc\.vscode\extensions\redhat.java-1.25.1-win32-x64\server\plugins\org.eclipse.equinox.launcher_1.6.600.v20231106-1826.jar -configuration c:\Users\luizc\AppData\Roaming\Code\User\globalStorage\redhat.java\1.25.1\config_ss_win -data c:\Users\luizc\AppData\Roaming\Code\User\workspaceStorage\9085f2d17ec7ba6d99c612aafa646768\redhat.java\ss_ws --stdio
java_class_path (initial): c:\Users\luizc\.vscode\extensions\redhat.java-1.25.1-win32-x64\server\plugins\org.eclipse.equinox.launcher_1.6.600.v20231106-1826.jar
Launcher Type: SUN_STANDARD

[Global flags]
    uintx AdaptiveSizePolicyWeight                 = 90                                        {product} {command line}
     intx CICompilerCount                          = 2                                         {product} {ergonomic}
    uintx GCTimeRatio                              = 4                                         {product} {command line}
   size_t InitialHeapSize                          = 104857600                                 {product} {command line}
   size_t MaxHeapSize                              = 1073741824                                {product} {command line}
   size_t MaxNewSize                               = 357564416                                 {product} {ergonomic}
   size_t MinHeapDeltaBytes                        = 524288                                    {product} {ergonomic}
   size_t MinHeapSize                              = 104857600                                 {product} {command line}
   size_t NewSize                                  = 34603008                                  {product} {ergonomic}
    uintx NonNMethodCodeHeapSize                   = 5826188                                {pd product} {ergonomic}
    uintx NonProfiledCodeHeapSize                  = 122916026                              {pd product} {ergonomic}
   size_t OldSize                                  = 70254592                                  {product} {ergonomic}
    uintx ProfiledCodeHeapSize                     = 122916026                              {pd product} {ergonomic}
    uintx ReservedCodeCacheSize                    = 251658240                              {pd product} {ergonomic}
     bool SegmentedCodeCache                       = true                                      {product} {ergonomic}
   size_t SoftMaxHeapSize                          = 1073741824                             {manageable} {ergonomic}
     bool UseCompressedClassPointers               = true                           {product lp64_product} {ergonomic}
     bool UseCompressedOops                        = true                           {product lp64_product} {ergonomic}
     bool UseLargePagesIndividualAllocation        = false                                  {pd product} {ergonomic}
     bool UseParallelGC                            = true                                      {product} {command line}

Logging:
Log output configuration:
 #0: stdout all=off uptime,level,tags
 #1: stderr all=off uptime,level,tags

Environment Variables:
PATH=C:\Program Files\Common Files\Oracle\Java\javapath;C:\Program Files (x86)\Common Files\Oracle\Java\java8path;C:\Program Files (x86)\Common Files\Oracle\Java\javapath;C:\Windows\system32;C:\Windows;C:\Windows\System32\Wbem;C:\Windows\System32\WindowsPowerShell\v1.0\;C:\Windows\System32\OpenSSH\;C:\Program Files (x86)\Microsoft SQL Server\160\Tools\Binn\;C:\Program Files\Microsoft SQL Server\160\Tools\Binn\;C:\Program Files\Microsoft SQL Server\Client SDK\ODBC\170\Tools\Binn\;C:\Program Files\Microsoft SQL Server\160\DTS\Binn\;C:\Program Files\Git\cmd;C:\Users\luizc\AppData\Local\Microsoft\WindowsApps;C:\Users\luizc\AppData\Local\Programs\Microsoft VS Code\bin;C:\Program Files\MongoDB\Server\<versão>\bin;C:\Users\luizc\AppData\Local\Microsoft\WindowsApps;C:\Users\luizc\OneDrive\Ambiente de Trabalho\CampoMinado\demo\.mvn\wrapper\maven-wrapper.properties;C:\Users\luizc\AppData\Local\Programs\Microsoft VS Code\bin
USERNAME=luizc
OS=Windows_NT
PROCESSOR_IDENTIFIER=Intel64 Family 6 Model 140 Stepping 1, GenuineIntel
TMP=C:\Users\luizc\AppData\Local\Temp
TEMP=C:\Users\luizc\AppData\Local\Temp



Periodic native trim disabled


---------------  S Y S T E M  ---------------

OS:
 Windows 11 , 64 bit Build 22621 (10.0.22621.3958)
OS uptime: 0 days 12:49 hours

CPU: total 2 (initial active 2) (2 cores per cpu, 1 threads per core) family 6 model 140 stepping 1 microcode 0x8a, cx8, cmov, fxsr, mmx, 3dnowpref, sse, sse2, sse3, ssse3, sse4.1, sse4.2, popcnt, lzcnt, tsc, tscinvbit, avx, avx2, aes, erms, clmul, bmi1, bmi2, adx, avx512f, avx512dq, avx512cd, avx512bw, avx512vl, sha, fma, vzeroupper, avx512_vpopcntdq, avx512_vpclmulqdq, avx512_vaes, avx512_vnni, clflush, clflushopt, clwb, avx512_vbmi2, avx512_vbmi
Processor Information for all 2 processors :
  Max Mhz: 1805, Current Mhz: 1805, Mhz Limit: 1805

Memory: 4k page, system-wide physical 3819M (398M free)
TotalPageFile size 9898M (AvailPageFile size 23M)
current process WorkingSet (physical memory assigned to process): 16M, peak: 16M
current process commit charge ("private bytes"): 148M, peak: 149M

vm_info: OpenJDK 64-Bit Server VM (17.0.9+9) for windows-amd64 JRE (17.0.9+9), built on Oct 26 2023 14:01:42 by "admin" with MS VC++ 16.10 / 16.11 (VS2019)

END.
