#
# There is insufficient memory for the Java Runtime Environment to continue.
# Native memory allocation (mmap) failed to map 65536 bytes for Failed to commit metaspace.
# Possible reasons:
#   The system is out of physical RAM or swap space
#   The process is running with CompressedOops enabled, and the Java Heap may be blocking the growth of the native heap
# Possible solutions:
#   Reduce memory load on the system
#   Increase physical memory or swap space
#   Check if swap backing store is full
#   Decrease Java heap size (-Xmx/-Xms)
#   Decrease number of Java threads
#   Decrease Java thread stack sizes (-Xss)
#   Set larger code cache with -XX:ReservedCodeCacheSize=
#   JVM is running with Unscaled Compressed Oops mode in which the Java heap is
#     placed in the first 4GB address space. The Java Heap base address is the
#     maximum limit for the native heap growth. Please use -XX:HeapBaseMinAddress
#     to set the Java Heap base and to place the Java Heap above 4GB virtual address.
# This output file may be truncated or incomplete.
#
#  Out of Memory Error (virtualSpaceNode.cpp:110), pid=7876, tid=14064
#
# JRE version: OpenJDK Runtime Environment Temurin-17.0.9+9 (17.0.9+9) (build 17.0.9+9)
# Java VM: OpenJDK 64-Bit Server VM Temurin-17.0.9+9 (17.0.9+9, mixed mode, tiered, compressed oops, compressed class ptrs, parallel gc, windows-amd64)
# No core dump will be written. Minidumps are not enabled by default on client versions of Windows
#

---------------  S U M M A R Y ------------

Command Line: --add-modules=ALL-SYSTEM --add-opens=java.base/java.util=ALL-UNNAMED --add-opens=java.base/java.lang=ALL-UNNAMED --add-opens=java.base/sun.nio.fs=ALL-UNNAMED -Declipse.application=org.eclipse.jdt.ls.core.id1 -Dosgi.bundles.defaultStartLevel=4 -Declipse.product=org.eclipse.jdt.ls.core.product -Djava.import.generatesMetadataFilesAtProjectRoot=false -DDetectVMInstallationsJob.disabled=true -Dfile.encoding=utf8 -XX:+UseParallelGC -XX:GCTimeRatio=4 -XX:AdaptiveSizePolicyWeight=90 -Dsun.zip.disableMemoryMapping=true -Xmx1G -Xms100m -Xlog:disable -javaagent:c:\Users\luizc\.vscode\extensions\redhat.java-1.25.1-win32-x64\lombok\lombok-1.18.30.jar c:\Users\luizc\.vscode\extensions\redhat.java-1.25.1-win32-x64\server\plugins\org.eclipse.equinox.launcher_1.6.600.v20231106-1826.jar -configuration c:\Users\luizc\AppData\Roaming\Code\User\globalStorage\redhat.java\1.25.1\config_ss_win -data c:\Users\luizc\AppData\Roaming\Code\User\workspaceStorage\9085f2d17ec7ba6d99c612aafa646768\redhat.java\ss_ws --stdio

Host: Intel(R) Celeron(R) 6305 @ 1.80GHz, 2 cores, 3G,  Windows 11 , 64 bit Build 22621 (10.0.22621.3958)
Time: Fri Aug 30 11:32:09 2024 Hora oficial do Brasil elapsed time: 7.606349 seconds (0d 0h 0m 7s)

---------------  T H R E A D  ---------------

Current thread (0x000001d552d5e9d0):  JavaThread "C1 CompilerThread0" daemon [_thread_in_vm, id=14064, stack(0x000000cc67a00000,0x000000cc67b00000)]


Current CompileTask:
C1:   7606 1753       3       java.lang.invoke.InvokerBytecodeGenerator::emitReferenceCast (185 bytes)

Stack: [0x000000cc67a00000,0x000000cc67b00000]
Native frames: (J=compiled Java code, j=interpreted, Vv=VM code, C=native code)
V  [jvm.dll+0x67cf49]
V  [jvm.dll+0x83478a]
V  [jvm.dll+0x83624e]
V  [jvm.dll+0x8368b3]
V  [jvm.dll+0x247f1f]
V  [jvm.dll+0x83044b]
V  [jvm.dll+0x621776]
V  [jvm.dll+0x1c1fee]
V  [jvm.dll+0x6240d1]
V  [jvm.dll+0x622116]
V  [jvm.dll+0x63346a]
V  [jvm.dll+0x62c22a]
V  [jvm.dll+0x1ce1f0]
V  [jvm.dll+0x1ce3e0]
V  [jvm.dll+0x1482a1]
V  [jvm.dll+0x1480e5]
V  [jvm.dll+0x13f91e]
V  [jvm.dll+0x141ed5]
V  [jvm.dll+0x1400bc]
V  [jvm.dll+0x148bbd]
V  [jvm.dll+0x1480e5]
V  [jvm.dll+0x13f91e]
V  [jvm.dll+0x141ed5]
V  [jvm.dll+0x1401b4]
V  [jvm.dll+0x13a12f]
V  [jvm.dll+0x149d46]
V  [jvm.dll+0x135830]
V  [jvm.dll+0x135b90]
V  [jvm.dll+0x135e56]
V  [jvm.dll+0x1352ea]
V  [jvm.dll+0x136fa1]
V  [jvm.dll+0x2297ae]
V  [jvm.dll+0x22797c]
V  [jvm.dll+0x7e9877]
V  [jvm.dll+0x7e3c3a]
V  [jvm.dll+0x67be35]
C  [ucrtbase.dll+0x29333]
C  [KERNEL32.DLL+0x1257d]
C  [ntdll.dll+0x5af28]


---------------  P R O C E S S  ---------------

Threads class SMR info:
_java_thread_list=0x000001d557d923d0, length=17, elements={
0x000001d53eed2e40, 0x000001d552ccd020, 0x000001d552ccd9f0, 0x000001d552cfa320,
0x000001d552cfacf0, 0x000001d552cfd5d0, 0x000001d552cfdea0, 0x000001d552cfeaa0,
0x000001d552d5e9d0, 0x000001d55789a2c0, 0x000001d55793a3a0, 0x000001d557b15c60,
0x000001d557f4c050, 0x000001d557f59710, 0x000001d557f983a0, 0x000001d5583e5300,
0x000001d557c52410
}

Java Threads: ( => current thread )
  0x000001d53eed2e40 JavaThread "main" [_thread_blocked, id=15960, stack(0x000000cc67000000,0x000000cc67100000)]
  0x000001d552ccd020 JavaThread "Reference Handler" daemon [_thread_blocked, id=3864, stack(0x000000cc67300000,0x000000cc67400000)]
  0x000001d552ccd9f0 JavaThread "Finalizer" daemon [_thread_blocked, id=8620, stack(0x000000cc67400000,0x000000cc67500000)]
  0x000001d552cfa320 JavaThread "Signal Dispatcher" daemon [_thread_blocked, id=14432, stack(0x000000cc67500000,0x000000cc67600000)]
  0x000001d552cfacf0 JavaThread "Attach Listener" daemon [_thread_blocked, id=9780, stack(0x000000cc67600000,0x000000cc67700000)]
  0x000001d552cfd5d0 JavaThread "Service Thread" daemon [_thread_blocked, id=15068, stack(0x000000cc67700000,0x000000cc67800000)]
  0x000001d552cfdea0 JavaThread "Monitor Deflation Thread" daemon [_thread_blocked, id=4888, stack(0x000000cc67800000,0x000000cc67900000)]
  0x000001d552cfeaa0 JavaThread "C2 CompilerThread0" daemon [_thread_blocked, id=16316, stack(0x000000cc67900000,0x000000cc67a00000)]
=>0x000001d552d5e9d0 JavaThread "C1 CompilerThread0" daemon [_thread_in_vm, id=14064, stack(0x000000cc67a00000,0x000000cc67b00000)]
  0x000001d55789a2c0 JavaThread "Sweeper thread" daemon [_thread_blocked, id=8656, stack(0x000000cc67b00000,0x000000cc67c00000)]
  0x000001d55793a3a0 JavaThread "Common-Cleaner" daemon [_thread_blocked, id=15904, stack(0x000000cc67c00000,0x000000cc67d00000)]
  0x000001d557b15c60 JavaThread "Notification Thread" daemon [_thread_blocked, id=964, stack(0x000000cc67d00000,0x000000cc67e00000)]
  0x000001d557f4c050 JavaThread "Active Thread: Equinox Container: 770145a1-585d-4679-9261-79a74a7dd9b3" [_thread_blocked, id=13276, stack(0x000000cc68000000,0x000000cc68100000)]
  0x000001d557f59710 JavaThread "Framework Event Dispatcher: Equinox Container: 770145a1-585d-4679-9261-79a74a7dd9b3" daemon [_thread_blocked, id=14388, stack(0x000000cc68100000,0x000000cc68200000)]
  0x000001d557f983a0 JavaThread "Start Level: Equinox Container: 770145a1-585d-4679-9261-79a74a7dd9b3" daemon [_thread_in_vm, id=2988, stack(0x000000cc68200000,0x000000cc68300000)]
  0x000001d5583e5300 JavaThread "SCR Component Actor" daemon [_thread_blocked, id=3076, stack(0x000000cc68300000,0x000000cc68400000)]
  0x000001d557c52410 JavaThread "SCR Component Registry" daemon [_thread_blocked, id=1396, stack(0x000000cc68400000,0x000000cc68500000)]

Other Threads:
  0x000001d552c478d0 VMThread "VM Thread" [stack: 0x000000cc67200000,0x000000cc67300000] [id=15880] _threads_hazard_ptr=0x000001d557d923d0
  0x000001d557afc360 WatcherThread [stack: 0x000000cc67e00000,0x000000cc67f00000] [id=8148]
  0x000001d53eee60b0 GCTaskThread "GC Thread#0" [stack: 0x000000cc67100000,0x000000cc67200000] [id=14252]
  0x000001d55838b6e0 GCTaskThread "GC Thread#1" [stack: 0x000000cc67f00000,0x000000cc68000000] [id=12996]

Threads with active compile tasks:
C1 CompilerThread0     7646 1753       3       java.lang.invoke.InvokerBytecodeGenerator::emitReferenceCast (185 bytes)

VM state: synchronizing (normal execution)

VM Mutex/Monitor currently owned by a thread:  ([mutex/lock_event])
[0x000001d53eeccd70] Metaspace_lock - owner thread: 0x000001d552d5e9d0
[0x000001d53eece560] Threads_lock - owner thread: 0x000001d552c478d0
[0x000001d53eecd7e0] MethodData_lock - owner thread: 0x000001d552d5e9d0

Heap address: 0x00000000c0000000, size: 1024 MB, Compressed Oops mode: 32-bit

CDS archive(s) not mapped
Compressed class space mapped at: 0x0000000100000000-0x0000000140000000, reserved size: 1073741824
Narrow klass base: 0x0000000000000000, Narrow klass shift: 3, Narrow klass range: 0x140000000

GC Precious Log:
 CPUs: 2 total, 2 available
 Memory: 3819M
 Large Page Support: Disabled
 NUMA Support: Disabled
 Compressed Oops: Enabled (32-bit)
 Alignments: Space 512K, Generation 512K, Heap 2M
 Heap Min Capacity: 100M
 Heap Initial Capacity: 100M
 Heap Max Capacity: 1G
 Pre-touch: Disabled
 Parallel Workers: 2

Heap:
 PSYoungGen      total 29696K, used 13092K [0x00000000eab00000, 0x00000000ecc00000, 0x0000000100000000)
  eden space 25600K, 35% used [0x00000000eab00000,0x00000000eb3cec48,0x00000000ec400000)
  from space 4096K, 99% used [0x00000000ec800000,0x00000000ecbfa458,0x00000000ecc00000)
  to   space 4096K, 0% used [0x00000000ec400000,0x00000000ec400000,0x00000000ec800000)
 ParOldGen       total 68608K, used 731K [0x00000000c0000000, 0x00000000c4300000, 0x00000000eab00000)
  object space 68608K, 1% used [0x00000000c0000000,0x00000000c00b6cd8,0x00000000c4300000)
 Metaspace       used 16909K, committed 17152K, reserved 1114112K
  class space    used 1732K, committed 1856K, reserved 1048576K

Card table byte_map: [0x000001d53e860000,0x000001d53ea70000] _byte_map_base: 0x000001d53e260000

Marking Bits: (ParMarkBitMap*) 0x00007ff8f818d0b0
 Begin Bits: [0x000001d550b60000, 0x000001d551b60000)
 End Bits:   [0x000001d551b60000, 0x000001d552b60000)

Polling page: 0x000001d53ce60000

Metaspace:

Usage:
  Non-class:     14.82 MB used.
      Class:      1.69 MB used.
       Both:     16.51 MB used.

Virtual space:
  Non-class space:       64.00 MB reserved,      14.94 MB ( 23%) committed,  1 nodes.
      Class space:        1.00 GB reserved,       1.81 MB ( <1%) committed,  1 nodes.
             Both:        1.06 GB reserved,      16.75 MB (  2%) committed. 

Chunk freelists:
   Non-Class:  74.00 KB
       Class:  14.23 MB
        Both:  14.31 MB

MaxMetaspaceSize: unlimited
CompressedClassSpaceSize: 1.00 GB
Initial GC threshold: 21.00 MB
Current GC threshold: 21.00 MB
CDS: off
MetaspaceReclaimPolicy: balanced
 - commit_granule_bytes: 65536.
 - commit_granule_words: 8192.
 - virtual_space_node_default_size: 8388608.
 - enlarge_chunks_in_place: 1.
 - new_chunks_are_fully_committed: 0.
 - uncommit_free_chunks: 1.
 - use_allocation_guard: 0.
 - handle_deallocations: 1.


Internal statistics:

num_allocs_failed_limit: 0.
num_arena_births: 136.
num_arena_deaths: 0.
num_vsnodes_births: 2.
num_vsnodes_deaths: 0.
num_space_committed: 268.
num_space_uncommitted: 0.
num_chunks_returned_to_freelist: 0.
num_chunks_taken_from_freelist: 430.
num_chunk_merges: 0.
num_chunk_splits: 281.
num_chunks_enlarged: 205.
num_inconsistent_stats: 0.

CodeHeap 'non-profiled nmethods': size=120064Kb used=688Kb max_used=688Kb free=119375Kb
 bounds [0x000001d549620000, 0x000001d549890000, 0x000001d550b60000]
CodeHeap 'profiled nmethods': size=120000Kb used=3364Kb max_used=3364Kb free=116635Kb
 bounds [0x000001d541b60000, 0x000001d541eb0000, 0x000001d549090000]
CodeHeap 'non-nmethods': size=5696Kb used=1185Kb max_used=1203Kb free=4510Kb
 bounds [0x000001d549090000, 0x000001d549300000, 0x000001d549620000]
 total_blobs=2220 nmethods=1751 adapters=383
 compilation: enabled
              stopped_count=0, restarted_count=0
 full_count=0

Compilation events (20 events):
Event: 7.591 Thread 0x000001d552d5e9d0 nmethod 1743 0x000001d541ea0210 code [0x000001d541ea03c0, 0x000001d541ea0588]
Event: 7.591 Thread 0x000001d552d5e9d0 1744   !   3       org.eclipse.osgi.storage.bundlefile.CloseableBundleFile::getInputStream (58 bytes)
Event: 7.591 Thread 0x000001d552cfeaa0 1746       4       java.io.DataInputStream::readInt (68 bytes)
Event: 7.592 Thread 0x000001d552d5e9d0 nmethod 1744 0x000001d541ea0690 code [0x000001d541ea0940, 0x000001d541ea1a78]
Event: 7.592 Thread 0x000001d552d5e9d0 1745       3       org.eclipse.osgi.storage.bundlefile.ZipBundleFile::doGetInputStream (9 bytes)
Event: 7.592 Thread 0x000001d552d5e9d0 nmethod 1745 0x000001d541ea2110 code [0x000001d541ea22c0, 0x000001d541ea25e8]
Event: 7.592 Thread 0x000001d552d5e9d0 1747       3       org.eclipse.core.internal.registry.BufferedRandomInputStream::read (41 bytes)
Event: 7.592 Thread 0x000001d552d5e9d0 nmethod 1747 0x000001d541ea2710 code [0x000001d541ea28c0, 0x000001d541ea2ae8]
Event: 7.597 Thread 0x000001d552d5e9d0 1748       3       org.eclipse.osgi.storage.bundlefile.ZipBundleEntry::getSize (8 bytes)
Event: 7.597 Thread 0x000001d552d5e9d0 nmethod 1748 0x000001d541ea2c10 code [0x000001d541ea2da0, 0x000001d541ea2f58]
Event: 7.597 Thread 0x000001d552d5e9d0 1749       3       org.eclipse.osgi.internal.loader.classpath.ClasspathManager::definePackage (162 bytes)
Event: 7.599 Thread 0x000001d552d5e9d0 nmethod 1749 0x000001d541ea3010 code [0x000001d541ea32a0, 0x000001d541ea3ed8]
Event: 7.599 Thread 0x000001d552d5e9d0 1750   !   3       org.eclipse.osgi.internal.weaving.WeavingHookConfigurator::processClass (245 bytes)
Event: 7.600 Thread 0x000001d552cfeaa0 nmethod 1746 0x000001d5496cab10 code [0x000001d5496cad00, 0x000001d5496cbdb0]
Event: 7.601 Thread 0x000001d552d5e9d0 nmethod 1750 0x000001d541ea4510 code [0x000001d541ea48c0, 0x000001d541ea6578]
Event: 7.601 Thread 0x000001d552d5e9d0 1751       3       org.eclipse.osgi.internal.weaving.DynamicImportList::<init> (22 bytes)
Event: 7.602 Thread 0x000001d552d5e9d0 nmethod 1751 0x000001d541ea7390 code [0x000001d541ea7540, 0x000001d541ea7848]
Event: 7.602 Thread 0x000001d552d5e9d0 1752   !   3       org.eclipse.osgi.internal.loader.ModuleClassLoader::defineClass (138 bytes)
Event: 7.603 Thread 0x000001d552d5e9d0 nmethod 1752 0x000001d541ea7990 code [0x000001d541ea7c40, 0x000001d541ea89e8]
Event: 7.603 Thread 0x000001d552d5e9d0 1753       3       java.lang.invoke.InvokerBytecodeGenerator::emitReferenceCast (185 bytes)

GC Heap History (4 events):
Event: 3.342 GC heap before
{Heap before GC invocations=1 (full 0):
 PSYoungGen      total 29696K, used 25600K [0x00000000eab00000, 0x00000000ecc00000, 0x0000000100000000)
  eden space 25600K, 100% used [0x00000000eab00000,0x00000000ec400000,0x00000000ec400000)
  from space 4096K, 0% used [0x00000000ec800000,0x00000000ec800000,0x00000000ecc00000)
  to   space 4096K, 0% used [0x00000000ec400000,0x00000000ec400000,0x00000000ec800000)
 ParOldGen       total 68608K, used 0K [0x00000000c0000000, 0x00000000c4300000, 0x00000000eab00000)
  object space 68608K, 0% used [0x00000000c0000000,0x00000000c0000000,0x00000000c4300000)
 Metaspace       used 11061K, committed 11264K, reserved 1114112K
  class space    used 1102K, committed 1216K, reserved 1048576K
}
Event: 3.351 GC heap after
{Heap after GC invocations=1 (full 0):
 PSYoungGen      total 29696K, used 3171K [0x00000000eab00000, 0x00000000ecc00000, 0x0000000100000000)
  eden space 25600K, 0% used [0x00000000eab00000,0x00000000eab00000,0x00000000ec400000)
  from space 4096K, 77% used [0x00000000ec400000,0x00000000ec718c28,0x00000000ec800000)
  to   space 4096K, 0% used [0x00000000ec800000,0x00000000ec800000,0x00000000ecc00000)
 ParOldGen       total 68608K, used 16K [0x00000000c0000000, 0x00000000c4300000, 0x00000000eab00000)
  object space 68608K, 0% used [0x00000000c0000000,0x00000000c0004000,0x00000000c4300000)
 Metaspace       used 11061K, committed 11264K, reserved 1114112K
  class space    used 1102K, committed 1216K, reserved 1048576K
}
Event: 6.592 GC heap before
{Heap before GC invocations=2 (full 0):
 PSYoungGen      total 29696K, used 28771K [0x00000000eab00000, 0x00000000ecc00000, 0x0000000100000000)
  eden space 25600K, 100% used [0x00000000eab00000,0x00000000ec400000,0x00000000ec400000)
  from space 4096K, 77% used [0x00000000ec400000,0x00000000ec718c28,0x00000000ec800000)
  to   space 4096K, 0% used [0x00000000ec800000,0x00000000ec800000,0x00000000ecc00000)
 ParOldGen       total 68608K, used 16K [0x00000000c0000000, 0x00000000c4300000, 0x00000000eab00000)
  object space 68608K, 0% used [0x00000000c0000000,0x00000000c0004000,0x00000000c4300000)
 Metaspace       used 15180K, committed 15424K, reserved 1114112K
  class space    used 1538K, committed 1664K, reserved 1048576K
}
Event: 6.604 GC heap after
{Heap after GC invocations=2 (full 0):
 PSYoungGen      total 29696K, used 4073K [0x00000000eab00000, 0x00000000ecc00000, 0x0000000100000000)
  eden space 25600K, 0% used [0x00000000eab00000,0x00000000eab00000,0x00000000ec400000)
  from space 4096K, 99% used [0x00000000ec800000,0x00000000ecbfa458,0x00000000ecc00000)
  to   space 4096K, 0% used [0x00000000ec400000,0x00000000ec400000,0x00000000ec800000)
 ParOldGen       total 68608K, used 731K [0x00000000c0000000, 0x00000000c4300000, 0x00000000eab00000)
  object space 68608K, 1% used [0x00000000c0000000,0x00000000c00b6cd8,0x00000000c4300000)
 Metaspace       used 15180K, committed 15424K, reserved 1114112K
  class space    used 1538K, committed 1664K, reserved 1048576K
}

Dll operation events (9 events):
Event: 0.031 Loaded shared library c:\Users\luizc\.vscode\extensions\redhat.java-1.25.1-win32-x64\jre\17.0.9-win32-x86_64\bin\java.dll
Event: 0.332 Loaded shared library c:\Users\luizc\.vscode\extensions\redhat.java-1.25.1-win32-x64\jre\17.0.9-win32-x86_64\bin\zip.dll
Event: 0.338 Loaded shared library C:\Users\luizc\.vscode\extensions\redhat.java-1.25.1-win32-x64\jre\17.0.9-win32-x86_64\bin\instrument.dll
Event: 0.360 Loaded shared library C:\Users\luizc\.vscode\extensions\redhat.java-1.25.1-win32-x64\jre\17.0.9-win32-x86_64\bin\net.dll
Event: 0.366 Loaded shared library C:\Users\luizc\.vscode\extensions\redhat.java-1.25.1-win32-x64\jre\17.0.9-win32-x86_64\bin\nio.dll
Event: 0.382 Loaded shared library C:\Users\luizc\.vscode\extensions\redhat.java-1.25.1-win32-x64\jre\17.0.9-win32-x86_64\bin\zip.dll
Event: 0.426 Loaded shared library C:\Users\luizc\.vscode\extensions\redhat.java-1.25.1-win32-x64\jre\17.0.9-win32-x86_64\bin\jimage.dll
Event: 0.592 Loaded shared library c:\Users\luizc\.vscode\extensions\redhat.java-1.25.1-win32-x64\jre\17.0.9-win32-x86_64\bin\verify.dll
Event: 5.716 Loaded shared library C:\Users\luizc\AppData\Roaming\Code\User\globalStorage\redhat.java\1.25.1\config_ss_win\org.eclipse.equinox.launcher\org.eclipse.equinox.launcher.win32.win32.x86_64_1.2.800.v20231003-1442\eclipse_11802.dll

Deoptimization events (20 events):
Event: 7.219 Thread 0x000001d557f983a0 Uncommon trap: trap_request=0xffffff45 fr.pc=0x000001d5496ac1e4 relative=0x0000000000002144
Event: 7.219 Thread 0x000001d557f983a0 Uncommon trap: reason=unstable_if action=reinterpret pc=0x000001d5496ac1e4 method=java.io.WinNTFileSystem.normalize(Ljava/lang/String;II)Ljava/lang/String; @ 100 c2
Event: 7.219 Thread 0x000001d557f983a0 DEOPT PACKING pc=0x000001d5496ac1e4 sp=0x000000cc682f9390
Event: 7.219 Thread 0x000001d557f983a0 DEOPT UNPACKING pc=0x000001d5490e9ea3 sp=0x000000cc682f92d0 mode 2
Event: 7.574 Thread 0x000001d557f983a0 Uncommon trap: trap_request=0xffffffde fr.pc=0x000001d5496812f8 relative=0x0000000000000498
Event: 7.574 Thread 0x000001d557f983a0 Uncommon trap: reason=class_check action=maybe_recompile pc=0x000001d5496812f8 method=java.io.DataInputStream.readInt()I @ 6 c2
Event: 7.574 Thread 0x000001d557f983a0 DEOPT PACKING pc=0x000001d5496812f8 sp=0x000000cc682fbb00
Event: 7.574 Thread 0x000001d557f983a0 DEOPT UNPACKING pc=0x000001d5490e9ea3 sp=0x000000cc682fbab8 mode 2
Event: 7.589 Thread 0x000001d557f983a0 Uncommon trap: trap_request=0xffffffde fr.pc=0x000001d5496812f8 relative=0x0000000000000498
Event: 7.589 Thread 0x000001d557f983a0 Uncommon trap: reason=class_check action=maybe_recompile pc=0x000001d5496812f8 method=java.io.DataInputStream.readInt()I @ 6 c2
Event: 7.589 Thread 0x000001d557f983a0 DEOPT PACKING pc=0x000001d5496812f8 sp=0x000000cc682fba80
Event: 7.589 Thread 0x000001d557f983a0 DEOPT UNPACKING pc=0x000001d5490e9ea3 sp=0x000000cc682fba38 mode 2
Event: 7.589 Thread 0x000001d557f983a0 Uncommon trap: trap_request=0xffffffde fr.pc=0x000001d5496812f8 relative=0x0000000000000498
Event: 7.589 Thread 0x000001d557f983a0 Uncommon trap: reason=class_check action=maybe_recompile pc=0x000001d5496812f8 method=java.io.DataInputStream.readInt()I @ 6 c2
Event: 7.589 Thread 0x000001d557f983a0 DEOPT PACKING pc=0x000001d5496812f8 sp=0x000000cc682fba70
Event: 7.589 Thread 0x000001d557f983a0 DEOPT UNPACKING pc=0x000001d5490e9ea3 sp=0x000000cc682fba28 mode 2
Event: 7.589 Thread 0x000001d557f983a0 Uncommon trap: trap_request=0xffffffde fr.pc=0x000001d5496812f8 relative=0x0000000000000498
Event: 7.589 Thread 0x000001d557f983a0 Uncommon trap: reason=class_check action=maybe_recompile pc=0x000001d5496812f8 method=java.io.DataInputStream.readInt()I @ 6 c2
Event: 7.589 Thread 0x000001d557f983a0 DEOPT PACKING pc=0x000001d5496812f8 sp=0x000000cc682fba70
Event: 7.589 Thread 0x000001d557f983a0 DEOPT UNPACKING pc=0x000001d5490e9ea3 sp=0x000000cc682fba28 mode 2

Classes unloaded (0 events):
No events

Classes redefined (0 events):
No events

Internal exceptions (20 events):
Event: 1.737 Thread 0x000001d53eed2e40 Exception <a 'java/io/FileNotFoundException'{0x00000000eb8593d8}> (0x00000000eb8593d8) 
thrown [s\src\hotspot\share\prims\jni.cpp, line 516]
Event: 1.738 Thread 0x000001d53eed2e40 Exception <a 'java/io/FileNotFoundException'{0x00000000eb85a0d0}> (0x00000000eb85a0d0) 
thrown [s\src\hotspot\share\prims\jni.cpp, line 516]
Event: 1.778 Thread 0x000001d53eed2e40 Exception <a 'java/io/FileNotFoundException'{0x00000000eb892f70}> (0x00000000eb892f70) 
thrown [s\src\hotspot\share\prims\jni.cpp, line 516]
Event: 2.620 Thread 0x000001d53eed2e40 Exception <a 'java/lang/ClassNotFoundException'{0x00000000ec09b068}: sun/net/www/protocol/c/Handler> (0x00000000ec09b068) 
thrown [s\src\hotspot\share\classfile\systemDictionary.cpp, line 256]
Event: 2.620 Thread 0x000001d53eed2e40 Exception <a 'java/lang/ClassNotFoundException'{0x00000000ec09c408}: sun/net/www/protocol/c/Handler> (0x00000000ec09c408) 
thrown [s\src\hotspot\share\classfile\systemDictionary.cpp, line 256]
Event: 2.621 Thread 0x000001d53eed2e40 Exception <a 'java/lang/ClassNotFoundException'{0x00000000ec09d620}: sun/net/www/protocol/c/Handler> (0x00000000ec09d620) 
thrown [s\src\hotspot\share\classfile\systemDictionary.cpp, line 256]
Event: 2.691 Thread 0x000001d53eed2e40 Exception <a 'java/io/FileNotFoundException'{0x00000000ec0bc498}> (0x00000000ec0bc498) 
thrown [s\src\hotspot\share\prims\jni.cpp, line 516]
Event: 3.049 Thread 0x000001d53eed2e40 Implicit null exception at 0x000001d549671dec to 0x000001d549671fc4
Event: 3.049 Thread 0x000001d53eed2e40 Implicit null exception at 0x000001d549663e6c to 0x000001d54966403c
Event: 3.284 Thread 0x000001d53eed2e40 Exception <a 'java/lang/NoSuchMethodError'{0x00000000ec3873b8}: 'int java.lang.invoke.DirectMethodHandle$Holder.invokeStaticInit(java.lang.Object, java.lang.Object, java.lang.Object, java.lang.Object)'> (0x00000000ec3873b8) 
thrown [s\src\hotspot\share\interpreter\linkResolver.cpp, line 759]
Event: 3.287 Thread 0x000001d53eed2e40 Exception <a 'java/lang/NoSuchMethodError'{0x00000000ec391a28}: 'java.lang.Object java.lang.invoke.DirectMethodHandle$Holder.invokeInterface(java.lang.Object, java.lang.Object)'> (0x00000000ec391a28) 
thrown [s\src\hotspot\share\interpreter\linkResolver.cpp, line 759]
Event: 3.289 Thread 0x000001d53eed2e40 Exception <a 'java/lang/IncompatibleClassChangeError'{0x00000000ec395220}: Found class java.lang.Object, but interface was expected> (0x00000000ec395220) 
thrown [s\src\hotspot\share\interpreter\linkResolver.cpp, line 826]
Event: 3.291 Thread 0x000001d53eed2e40 Exception <a 'java/lang/NoSuchMethodError'{0x00000000ec399718}: 'void java.lang.invoke.DirectMethodHandle$Holder.invokeStatic(java.lang.Object, java.lang.Object)'> (0x00000000ec399718) 
thrown [s\src\hotspot\share\interpreter\linkResolver.cpp, line 759]
Event: 3.295 Thread 0x000001d53eed2e40 Exception <a 'java/lang/NoSuchMethodError'{0x00000000ec39cf18}: 'void java.lang.invoke.DirectMethodHandle$Holder.invokeStaticInit(java.lang.Object, java.lang.Object)'> (0x00000000ec39cf18) 
thrown [s\src\hotspot\share\interpreter\linkResolver.cpp, line 759]
Event: 3.301 Thread 0x000001d53eed2e40 Exception <a 'java/lang/NoSuchMethodError'{0x00000000ec3a4590}: 'int java.lang.invoke.DirectMethodHandle$Holder.invokeStaticInit(java.lang.Object, java.lang.Object)'> (0x00000000ec3a4590) 
thrown [s\src\hotspot\share\interpreter\linkResolver.cpp, line 759]
Event: 3.442 Thread 0x000001d53eed2e40 Exception <a 'java/lang/NoSuchMethodError'{0x00000000eabcd058}: 'void java.lang.invoke.DirectMethodHandle$Holder.invokeSpecial(java.lang.Object, java.lang.Object, java.lang.Object)'> (0x00000000eabcd058) 
thrown [s\src\hotspot\share\interpreter\linkResolver.cpp, line 759]
Event: 4.536 Thread 0x000001d53eed2e40 Exception <a 'java/lang/NoSuchMethodError'{0x00000000eb8555d8}: 'java.lang.Object java.lang.invoke.DirectMethodHandle$Holder.newInvokeSpecial(java.lang.Object, int, java.lang.Object)'> (0x00000000eb8555d8) 
thrown [s\src\hotspot\share\interpreter\linkResolver.cpp, line 759]
Event: 5.570 Thread 0x000001d53eed2e40 Exception <a 'java/lang/UnsatisfiedLinkError'{0x00000000ebd887c8}: 'void org.eclipse.equinox.launcher.JNIBridge._update_splash()'> (0x00000000ebd887c8) 
thrown [s\src\hotspot\share\prims\nativeLookup.cpp, line 543]
Event: 5.953 Thread 0x000001d557f983a0 Exception <a 'java/lang/NoSuchMethodError'{0x00000000ec064aa8}: 'java.lang.Object java.lang.invoke.DirectMethodHandle$Holder.invokeStaticInit(java.lang.Object)'> (0x00000000ec064aa8) 
thrown [s\src\hotspot\share\interpreter\linkResolver.cpp, line 759]
Event: 7.560 Thread 0x000001d557f983a0 Exception <a 'java/io/FileNotFoundException'{0x00000000eb35ec58}> (0x00000000eb35ec58) 
thrown [s\src\hotspot\share\prims\jni.cpp, line 516]

VM Operations (20 events):
Event: 3.242 Executing VM operation: Cleanup
Event: 3.257 Executing VM operation: Cleanup done
Event: 3.342 Executing VM operation: ParallelGCFailedAllocation
Event: 3.351 Executing VM operation: ParallelGCFailedAllocation done
Event: 4.343 Executing VM operation: HandshakeAllThreads
Event: 4.343 Executing VM operation: HandshakeAllThreads done
Event: 4.359 Executing VM operation: HandshakeAllThreads
Event: 4.359 Executing VM operation: HandshakeAllThreads done
Event: 4.359 Executing VM operation: Cleanup
Event: 4.359 Executing VM operation: Cleanup done
Event: 4.385 Executing VM operation: HandshakeAllThreads
Event: 4.385 Executing VM operation: HandshakeAllThreads done
Event: 4.525 Executing VM operation: HandshakeAllThreads
Event: 4.525 Executing VM operation: HandshakeAllThreads done
Event: 5.534 Executing VM operation: Cleanup
Event: 5.573 Executing VM operation: Cleanup done
Event: 6.236 Executing VM operation: HandshakeAllThreads
Event: 6.236 Executing VM operation: HandshakeAllThreads done
Event: 6.592 Executing VM operation: ParallelGCFailedAllocation
Event: 6.604 Executing VM operation: ParallelGCFailedAllocation done

Events (20 events):
Event: 6.784 loading class java/util/Timer done
Event: 6.784 loading class java/util/TaskQueue
Event: 6.784 loading class java/util/TaskQueue done
Event: 6.785 loading class java/util/TimerThread
Event: 6.785 loading class java/util/TimerThread done
Event: 6.785 loading class java/util/Timer$ThreadReaper
Event: 6.785 loading class java/util/Timer$ThreadReaper done
Event: 6.785 Thread 0x000001d557c52410 Thread added: 0x000001d557c52410
Event: 6.820 loading class java/util/concurrent/locks/ReentrantLock$FairSync
Event: 6.820 loading class java/util/concurrent/locks/ReentrantLock$FairSync done
Event: 6.822 loading class java/util/Collections$ReverseComparator
Event: 6.822 loading class java/util/Collections$ReverseComparator done
Event: 7.350 loading class java/lang/CloneNotSupportedException
Event: 7.350 loading class java/lang/CloneNotSupportedException done
Event: 7.447 loading class java/util/TreeMap$Values
Event: 7.448 loading class java/util/TreeMap$Values done
Event: 7.448 loading class java/util/TreeMap$ValueIterator
Event: 7.448 loading class java/util/TreeMap$ValueIterator done
Event: 7.561 loading class java/util/function/IntFunction
Event: 7.561 loading class java/util/function/IntFunction done


Dynamic libraries:
0x00007ff722c80000 - 0x00007ff722c8e000 	c:\Users\luizc\.vscode\extensions\redhat.java-1.25.1-win32-x64\jre\17.0.9-win32-x86_64\bin\java.exe
0x00007ff953b70000 - 0x00007ff953d87000 	C:\Windows\SYSTEM32\ntdll.dll
0x00007ff9524f0000 - 0x00007ff9525b4000 	C:\Windows\System32\KERNEL32.DLL
0x00007ff951390000 - 0x00007ff95173d000 	C:\Windows\System32\KERNELBASE.dll
0x00007ff951240000 - 0x00007ff951351000 	C:\Windows\System32\ucrtbase.dll
0x00007ff940510000 - 0x00007ff940527000 	c:\Users\luizc\.vscode\extensions\redhat.java-1.25.1-win32-x64\jre\17.0.9-win32-x86_64\bin\jli.dll
0x00007ff93b170000 - 0x00007ff93b18b000 	c:\Users\luizc\.vscode\extensions\redhat.java-1.25.1-win32-x64\jre\17.0.9-win32-x86_64\bin\VCRUNTIME140.dll
0x00007ff951c30000 - 0x00007ff951dde000 	C:\Windows\System32\USER32.dll
0x00007ff950e90000 - 0x00007ff950eb6000 	C:\Windows\System32\win32u.dll
0x00007ff952350000 - 0x00007ff952379000 	C:\Windows\System32\GDI32.dll
0x00007ff950fb0000 - 0x00007ff9510c9000 	C:\Windows\System32\gdi32full.dll
0x00007ff951740000 - 0x00007ff9517da000 	C:\Windows\System32\msvcp_win.dll
0x00007ff93c210000 - 0x00007ff93c4a3000 	C:\Windows\WinSxS\amd64_microsoft.windows.common-controls_6595b64144ccf1df_6.0.22621.3672_none_2713b9d173822955\COMCTL32.dll
0x00007ff9523c0000 - 0x00007ff952467000 	C:\Windows\System32\msvcrt.dll
0x00007ff952380000 - 0x00007ff9523b1000 	C:\Windows\System32\IMM32.DLL
0x00007ff94abe0000 - 0x00007ff94abec000 	c:\Users\luizc\.vscode\extensions\redhat.java-1.25.1-win32-x64\jre\17.0.9-win32-x86_64\bin\vcruntime140_1.dll
0x00007ff91c710000 - 0x00007ff91c79d000 	c:\Users\luizc\.vscode\extensions\redhat.java-1.25.1-win32-x64\jre\17.0.9-win32-x86_64\bin\msvcp140.dll
0x00007ff8f75f0000 - 0x00007ff8f8251000 	c:\Users\luizc\.vscode\extensions\redhat.java-1.25.1-win32-x64\jre\17.0.9-win32-x86_64\bin\server\jvm.dll
0x00007ff953000000 - 0x00007ff9530b2000 	C:\Windows\System32\ADVAPI32.dll
0x00007ff952e30000 - 0x00007ff952ed9000 	C:\Windows\System32\sechost.dll
0x00007ff951360000 - 0x00007ff951388000 	C:\Windows\System32\bcrypt.dll
0x00007ff952ee0000 - 0x00007ff952ff4000 	C:\Windows\System32\RPCRT4.dll
0x00007ff94fd40000 - 0x00007ff94fd8d000 	C:\Windows\SYSTEM32\POWRPROF.dll
0x00007ff949540000 - 0x00007ff949549000 	C:\Windows\SYSTEM32\WSOCK32.dll
0x00007ff953940000 - 0x00007ff9539b1000 	C:\Windows\System32\WS2_32.dll
0x00007ff940430000 - 0x00007ff940464000 	C:\Windows\SYSTEM32\WINMM.dll
0x00007ff93d950000 - 0x00007ff93d95a000 	C:\Windows\SYSTEM32\VERSION.dll
0x00007ff94fd20000 - 0x00007ff94fd33000 	C:\Windows\SYSTEM32\UMPDC.dll
0x00007ff94fd00000 - 0x00007ff94fd18000 	C:\Windows\SYSTEM32\kernel.appcore.dll
0x00007ff93f300000 - 0x00007ff93f30a000 	c:\Users\luizc\.vscode\extensions\redhat.java-1.25.1-win32-x64\jre\17.0.9-win32-x86_64\bin\jimage.dll
0x00007ff94e970000 - 0x00007ff94eba2000 	C:\Windows\SYSTEM32\DBGHELP.DLL
0x00007ff951de0000 - 0x00007ff95216d000 	C:\Windows\System32\combase.dll
0x00007ff9536a0000 - 0x00007ff953777000 	C:\Windows\System32\OLEAUT32.dll
0x00007ff92f040000 - 0x00007ff92f072000 	C:\Windows\SYSTEM32\dbgcore.DLL
0x00007ff950f30000 - 0x00007ff950fab000 	C:\Windows\System32\bcryptPrimitives.dll
0x00007ff93f120000 - 0x00007ff93f12e000 	c:\Users\luizc\.vscode\extensions\redhat.java-1.25.1-win32-x64\jre\17.0.9-win32-x86_64\bin\instrument.dll
0x00007ff91c6e0000 - 0x00007ff91c705000 	c:\Users\luizc\.vscode\extensions\redhat.java-1.25.1-win32-x64\jre\17.0.9-win32-x86_64\bin\java.dll
0x00007ff938910000 - 0x00007ff938928000 	c:\Users\luizc\.vscode\extensions\redhat.java-1.25.1-win32-x64\jre\17.0.9-win32-x86_64\bin\zip.dll
0x00007ff9525c0000 - 0x00007ff952e28000 	C:\Windows\System32\SHELL32.dll
0x00007ff94edf0000 - 0x00007ff94f6ee000 	C:\Windows\SYSTEM32\windows.storage.dll
0x00007ff94ecb0000 - 0x00007ff94edef000 	C:\Windows\SYSTEM32\wintypes.dll
0x00007ff9537e0000 - 0x00007ff9538d9000 	C:\Windows\System32\SHCORE.dll
0x00007ff953780000 - 0x00007ff9537de000 	C:\Windows\System32\shlwapi.dll
0x00007ff950dc0000 - 0x00007ff950de1000 	C:\Windows\SYSTEM32\profapi.dll
0x00007ff91c6c0000 - 0x00007ff91c6d9000 	C:\Users\luizc\.vscode\extensions\redhat.java-1.25.1-win32-x64\jre\17.0.9-win32-x86_64\bin\net.dll
0x00007ff941340000 - 0x00007ff941476000 	C:\Windows\SYSTEM32\WINHTTP.dll
0x00007ff950420000 - 0x00007ff950489000 	C:\Windows\system32\mswsock.dll
0x00007ff91c6a0000 - 0x00007ff91c6b6000 	C:\Users\luizc\.vscode\extensions\redhat.java-1.25.1-win32-x64\jre\17.0.9-win32-x86_64\bin\nio.dll
0x00007ff93b850000 - 0x00007ff93b860000 	c:\Users\luizc\.vscode\extensions\redhat.java-1.25.1-win32-x64\jre\17.0.9-win32-x86_64\bin\verify.dll
0x00007ff93fb60000 - 0x00007ff93fb9e000 	C:\Users\luizc\AppData\Roaming\Code\User\globalStorage\redhat.java\1.25.1\config_ss_win\org.eclipse.equinox.launcher\org.eclipse.equinox.launcher.win32.win32.x86_64_1.2.800.v20231003-1442\eclipse_11802.dll
0x00007ff9518b0000 - 0x00007ff951a55000 	C:\Windows\System32\ole32.dll

dbghelp: loaded successfully - version: 4.0.5 - missing functions: none
symbol engine: initialized successfully - sym options: 0x614 - pdb path: .;c:\Users\luizc\.vscode\extensions\redhat.java-1.25.1-win32-x64\jre\17.0.9-win32-x86_64\bin;C:\Windows\SYSTEM32;C:\Windows\WinSxS\amd64_microsoft.windows.common-controls_6595b64144ccf1df_6.0.22621.3672_none_2713b9d173822955;c:\Users\luizc\.vscode\extensions\redhat.java-1.25.1-win32-x64\jre\17.0.9-win32-x86_64\bin\server;C:\Users\luizc\AppData\Roaming\Code\User\globalStorage\redhat.java\1.25.1\config_ss_win\org.eclipse.equinox.launcher\org.eclipse.equinox.launcher.win32.win32.x86_64_1.2.800.v20231003-1442

VM Arguments:
jvm_args: --add-modules=ALL-SYSTEM --add-opens=java.base/java.util=ALL-UNNAMED --add-opens=java.base/java.lang=ALL-UNNAMED --add-opens=java.base/sun.nio.fs=ALL-UNNAMED -Declipse.application=org.eclipse.jdt.ls.core.id1 -Dosgi.bundles.defaultStartLevel=4 -Declipse.product=org.eclipse.jdt.ls.core.product -Djava.import.generatesMetadataFilesAtProjectRoot=false -DDetectVMInstallationsJob.disabled=true -Dfile.encoding=utf8 -XX:+UseParallelGC -XX:GCTimeRatio=4 -XX:AdaptiveSizePolicyWeight=90 -Dsun.zip.disableMemoryMapping=true -Xmx1G -Xms100m -Xlog:disable -javaagent:c:\Users\luizc\.vscode\extensions\redhat.java-1.25.1-win32-x64\lombok\lombok-1.18.30.jar 
java_command: c:\Users\luizc\.vscode\extensions\redhat.java-1.25.1-win32-x64\server\plugins\org.eclipse.equinox.launcher_1.6.600.v20231106-1826.jar -configuration c:\Users\luizc\AppData\Roaming\Code\User\globalStorage\redhat.java\1.25.1\config_ss_win -data c:\Users\luizc\AppData\Roaming\Code\User\workspaceStorage\9085f2d17ec7ba6d99c612aafa646768\redhat.java\ss_ws --stdio
java_class_path (initial): c:\Users\luizc\.vscode\extensions\redhat.java-1.25.1-win32-x64\server\plugins\org.eclipse.equinox.launcher_1.6.600.v20231106-1826.jar
Launcher Type: SUN_STANDARD

[Global flags]
    uintx AdaptiveSizePolicyWeight                 = 90                                        {product} {command line}
     intx CICompilerCount                          = 2                                         {product} {ergonomic}
    uintx GCTimeRatio                              = 4                                         {product} {command line}
   size_t InitialHeapSize                          = 104857600                                 {product} {command line}
   size_t MaxHeapSize                              = 1073741824                                {product} {command line}
   size_t MaxNewSize                               = 357564416                                 {product} {ergonomic}
   size_t MinHeapDeltaBytes                        = 524288                                    {product} {ergonomic}
   size_t MinHeapSize                              = 104857600                                 {product} {command line}
   size_t NewSize                                  = 34603008                                  {product} {ergonomic}
    uintx NonNMethodCodeHeapSize                   = 5826188                                {pd product} {ergonomic}
    uintx NonProfiledCodeHeapSize                  = 122916026                              {pd product} {ergonomic}
   size_t OldSize                                  = 70254592                                  {product} {ergonomic}
    uintx ProfiledCodeHeapSize                     = 122916026                              {pd product} {ergonomic}
    uintx ReservedCodeCacheSize                    = 251658240                              {pd product} {ergonomic}
     bool SegmentedCodeCache                       = true                                      {product} {ergonomic}
   size_t SoftMaxHeapSize                          = 1073741824                             {manageable} {ergonomic}
     bool UseCompressedClassPointers               = true                           {product lp64_product} {ergonomic}
     bool UseCompressedOops                        = true                           {product lp64_product} {ergonomic}
     bool UseLargePagesIndividualAllocation        = false                                  {pd product} {ergonomic}
     bool UseParallelGC                            = true                                      {product} {command line}

Logging:
Log output configuration:
 #0: stdout all=off uptime,level,tags
 #1: stderr all=off uptime,level,tags

Environment Variables:
PATH=C:\Program Files\Common Files\Oracle\Java\javapath;C:\Program Files (x86)\Common Files\Oracle\Java\java8path;C:\Program Files (x86)\Common Files\Oracle\Java\javapath;C:\Windows\system32;C:\Windows;C:\Windows\System32\Wbem;C:\Windows\System32\WindowsPowerShell\v1.0\;C:\Windows\System32\OpenSSH\;C:\Program Files (x86)\Microsoft SQL Server\160\Tools\Binn\;C:\Program Files\Microsoft SQL Server\160\Tools\Binn\;C:\Program Files\Microsoft SQL Server\Client SDK\ODBC\170\Tools\Binn\;C:\Program Files\Microsoft SQL Server\160\DTS\Binn\;C:\Program Files\Git\cmd;C:\Users\luizc\AppData\Local\Microsoft\WindowsApps;C:\Users\luizc\AppData\Local\Programs\Microsoft VS Code\bin;C:\Program Files\MongoDB\Server\<versão>\bin;C:\Users\luizc\AppData\Local\Microsoft\WindowsApps;C:\Users\luizc\OneDrive\Ambiente de Trabalho\CampoMinado\demo\.mvn\wrapper\maven-wrapper.properties;C:\Users\luizc\AppData\Local\Programs\Microsoft VS Code\bin
USERNAME=luizc
OS=Windows_NT
PROCESSOR_IDENTIFIER=Intel64 Family 6 Model 140 Stepping 1, GenuineIntel
TMP=C:\Users\luizc\AppData\Local\Temp
TEMP=C:\Users\luizc\AppData\Local\Temp



Periodic native trim disabled


---------------  S Y S T E M  ---------------

OS:
 Windows 11 , 64 bit Build 22621 (10.0.22621.3958)
OS uptime: 0 days 12:49 hours

CPU: total 2 (initial active 2) (2 cores per cpu, 1 threads per core) family 6 model 140 stepping 1 microcode 0x8a, cx8, cmov, fxsr, mmx, 3dnowpref, sse, sse2, sse3, ssse3, sse4.1, sse4.2, popcnt, lzcnt, tsc, tscinvbit, avx, avx2, aes, erms, clmul, bmi1, bmi2, adx, avx512f, avx512dq, avx512cd, avx512bw, avx512vl, sha, fma, vzeroupper, avx512_vpopcntdq, avx512_vpclmulqdq, avx512_vaes, avx512_vnni, clflush, clflushopt, clwb, avx512_vbmi2, avx512_vbmi
Processor Information for processor 0
  Max Mhz: 1805, Current Mhz: 1203, Mhz Limit: 1805
Processor Information for processor 1
  Max Mhz: 1805, Current Mhz: 1805, Mhz Limit: 1805

Memory: 4k page, system-wide physical 3819M (328M free)
TotalPageFile size 9898M (AvailPageFile size 2M)
current process WorkingSet (physical memory assigned to process): 88M, peak: 88M
current process commit charge ("private bytes"): 185M, peak: 185M

vm_info: OpenJDK 64-Bit Server VM (17.0.9+9) for windows-amd64 JRE (17.0.9+9), built on Oct 26 2023 14:01:42 by "admin" with MS VC++ 16.10 / 16.11 (VS2019)

END.
